<?xml version="1.0" encoding="UTF-8"?>
<testsuite xmlns:xsi="http://www.w3.org/2001/XMLSchema-instance" xsi:noNamespaceSchemaLocation="https://maven.apache.org/surefire/maven-surefire-plugin/xsd/surefire-test-report-3.0.xsd" version="3.0" name="com.suber.consumer.ConsumerApplicationTests" time="8.691" tests="1" errors="0" skipped="0" failures="0">
  <properties>
    <property name="sun.desktop" value="windows"/>
    <property name="awt.toolkit" value="sun.awt.windows.WToolkit"/>
    <property name="file.encoding.pkg" value="sun.io"/>
    <property name="java.specification.version" value="1.8"/>
    <property name="sun.cpu.isalist" value="amd64"/>
    <property name="sun.jnu.encoding" value="GBK"/>
    <property name="java.class.path" value="E:\codes_workspace\java_workspace\SpringCloud\consumer\target\test-classes;E:\codes_workspace\java_workspace\SpringCloud\consumer\target\classes;E:\codes_maven_reponsitory\com\suber\common\0.0.1-SNAPSHOT\common-0.0.1-SNAPSHOT.jar;E:\codes_maven_reponsitory\cn\hutool\hutool-all\5.1.0\hutool-all-5.1.0.jar;E:\codes_maven_reponsitory\org\springframework\boot\spring-boot-starter-web\2.3.2.RELEASE\spring-boot-starter-web-2.3.2.RELEASE.jar;E:\codes_maven_reponsitory\org\springframework\boot\spring-boot-starter\2.3.2.RELEASE\spring-boot-starter-2.3.2.RELEASE.jar;E:\codes_maven_reponsitory\org\springframework\boot\spring-boot-autoconfigure\2.3.2.RELEASE\spring-boot-autoconfigure-2.3.2.RELEASE.jar;E:\codes_maven_reponsitory\org\springframework\boot\spring-boot-starter-logging\2.3.2.RELEASE\spring-boot-starter-logging-2.3.2.RELEASE.jar;E:\codes_maven_reponsitory\ch\qos\logback\logback-classic\1.2.3\logback-classic-1.2.3.jar;E:\codes_maven_reponsitory\ch\qos\logback\logback-core\1.2.3\logback-core-1.2.3.jar;E:\codes_maven_reponsitory\org\apache\logging\log4j\log4j-to-slf4j\2.13.3\log4j-to-slf4j-2.13.3.jar;E:\codes_maven_reponsitory\org\apache\logging\log4j\log4j-api\2.13.3\log4j-api-2.13.3.jar;E:\codes_maven_reponsitory\org\slf4j\jul-to-slf4j\1.7.30\jul-to-slf4j-1.7.30.jar;E:\codes_maven_reponsitory\jakarta\annotation\jakarta.annotation-api\1.3.5\jakarta.annotation-api-1.3.5.jar;E:\codes_maven_reponsitory\org\yaml\snakeyaml\1.26\snakeyaml-1.26.jar;E:\codes_maven_reponsitory\org\springframework\boot\spring-boot-starter-json\2.3.2.RELEASE\spring-boot-starter-json-2.3.2.RELEASE.jar;E:\codes_maven_reponsitory\com\fasterxml\jackson\core\jackson-databind\2.11.1\jackson-databind-2.11.1.jar;E:\codes_maven_reponsitory\com\fasterxml\jackson\datatype\jackson-datatype-jdk8\2.11.1\jackson-datatype-jdk8-2.11.1.jar;E:\codes_maven_reponsitory\com\fasterxml\jackson\datatype\jackson-datatype-jsr310\2.11.1\jackson-datatype-jsr310-2.11.1.jar;E:\codes_maven_reponsitory\com\fasterxml\jackson\module\jackson-module-parameter-names\2.11.1\jackson-module-parameter-names-2.11.1.jar;E:\codes_maven_reponsitory\org\springframework\boot\spring-boot-starter-tomcat\2.3.2.RELEASE\spring-boot-starter-tomcat-2.3.2.RELEASE.jar;E:\codes_maven_reponsitory\org\apache\tomcat\embed\tomcat-embed-core\9.0.37\tomcat-embed-core-9.0.37.jar;E:\codes_maven_reponsitory\org\glassfish\jakarta.el\3.0.3\jakarta.el-3.0.3.jar;E:\codes_maven_reponsitory\org\apache\tomcat\embed\tomcat-embed-websocket\9.0.37\tomcat-embed-websocket-9.0.37.jar;E:\codes_maven_reponsitory\org\springframework\spring-web\5.2.8.RELEASE\spring-web-5.2.8.RELEASE.jar;E:\codes_maven_reponsitory\org\springframework\spring-beans\5.2.8.RELEASE\spring-beans-5.2.8.RELEASE.jar;E:\codes_maven_reponsitory\org\springframework\spring-webmvc\5.2.8.RELEASE\spring-webmvc-5.2.8.RELEASE.jar;E:\codes_maven_reponsitory\org\springframework\spring-aop\5.2.8.RELEASE\spring-aop-5.2.8.RELEASE.jar;E:\codes_maven_reponsitory\org\springframework\spring-expression\5.2.8.RELEASE\spring-expression-5.2.8.RELEASE.jar;E:\codes_maven_reponsitory\org\springframework\boot\spring-boot-starter-test\2.3.2.RELEASE\spring-boot-starter-test-2.3.2.RELEASE.jar;E:\codes_maven_reponsitory\org\springframework\boot\spring-boot-test\2.3.2.RELEASE\spring-boot-test-2.3.2.RELEASE.jar;E:\codes_maven_reponsitory\org\springframework\boot\spring-boot-test-autoconfigure\2.3.2.RELEASE\spring-boot-test-autoconfigure-2.3.2.RELEASE.jar;E:\codes_maven_reponsitory\com\jayway\jsonpath\json-path\2.4.0\json-path-2.4.0.jar;E:\codes_maven_reponsitory\net\minidev\json-smart\2.3\json-smart-2.3.jar;E:\codes_maven_reponsitory\net\minidev\accessors-smart\1.2\accessors-smart-1.2.jar;E:\codes_maven_reponsitory\org\slf4j\slf4j-api\1.7.30\slf4j-api-1.7.30.jar;E:\codes_maven_reponsitory\jakarta\xml\bind\jakarta.xml.bind-api\2.3.3\jakarta.xml.bind-api-2.3.3.jar;E:\codes_maven_reponsitory\jakarta\activation\jakarta.activation-api\1.2.2\jakarta.activation-api-1.2.2.jar;E:\codes_maven_reponsitory\org\assertj\assertj-core\3.16.1\assertj-core-3.16.1.jar;E:\codes_maven_reponsitory\org\hamcrest\hamcrest\2.2\hamcrest-2.2.jar;E:\codes_maven_reponsitory\org\junit\jupiter\junit-jupiter\5.6.2\junit-jupiter-5.6.2.jar;E:\codes_maven_reponsitory\org\junit\jupiter\junit-jupiter-api\5.6.2\junit-jupiter-api-5.6.2.jar;E:\codes_maven_reponsitory\org\opentest4j\opentest4j\1.2.0\opentest4j-1.2.0.jar;E:\codes_maven_reponsitory\org\junit\platform\junit-platform-commons\1.6.2\junit-platform-commons-1.6.2.jar;E:\codes_maven_reponsitory\org\junit\jupiter\junit-jupiter-params\5.6.2\junit-jupiter-params-5.6.2.jar;E:\codes_maven_reponsitory\org\junit\jupiter\junit-jupiter-engine\5.6.2\junit-jupiter-engine-5.6.2.jar;E:\codes_maven_reponsitory\org\junit\vintage\junit-vintage-engine\5.6.2\junit-vintage-engine-5.6.2.jar;E:\codes_maven_reponsitory\org\apiguardian\apiguardian-api\1.1.0\apiguardian-api-1.1.0.jar;E:\codes_maven_reponsitory\org\junit\platform\junit-platform-engine\1.6.2\junit-platform-engine-1.6.2.jar;E:\codes_maven_reponsitory\junit\junit\4.12\junit-4.12.jar;E:\codes_maven_reponsitory\org\mockito\mockito-core\3.3.3\mockito-core-3.3.3.jar;E:\codes_maven_reponsitory\net\bytebuddy\byte-buddy\1.10.13\byte-buddy-1.10.13.jar;E:\codes_maven_reponsitory\net\bytebuddy\byte-buddy-agent\1.10.13\byte-buddy-agent-1.10.13.jar;E:\codes_maven_reponsitory\org\objenesis\objenesis\2.6\objenesis-2.6.jar;E:\codes_maven_reponsitory\org\mockito\mockito-junit-jupiter\3.3.3\mockito-junit-jupiter-3.3.3.jar;E:\codes_maven_reponsitory\org\skyscreamer\jsonassert\1.5.0\jsonassert-1.5.0.jar;E:\codes_maven_reponsitory\com\vaadin\external\google\android-json\0.0.20131108.vaadin1\android-json-0.0.20131108.vaadin1.jar;E:\codes_maven_reponsitory\org\springframework\spring-core\5.2.8.RELEASE\spring-core-5.2.8.RELEASE.jar;E:\codes_maven_reponsitory\org\springframework\spring-jcl\5.2.8.RELEASE\spring-jcl-5.2.8.RELEASE.jar;E:\codes_maven_reponsitory\org\springframework\spring-test\5.2.8.RELEASE\spring-test-5.2.8.RELEASE.jar;E:\codes_maven_reponsitory\org\xmlunit\xmlunit-core\2.7.0\xmlunit-core-2.7.0.jar;E:\codes_maven_reponsitory\org\projectlombok\lombok\1.16.18\lombok-1.16.18.jar;E:\codes_maven_reponsitory\org\springframework\cloud\spring-cloud-starter-netflix-eureka-client\2.2.2.RELEASE\spring-cloud-starter-netflix-eureka-client-2.2.2.RELEASE.jar;E:\codes_maven_reponsitory\org\springframework\cloud\spring-cloud-starter\2.2.6.RELEASE\spring-cloud-starter-2.2.6.RELEASE.jar;E:\codes_maven_reponsitory\org\springframework\cloud\spring-cloud-context\2.2.6.RELEASE\spring-cloud-context-2.2.6.RELEASE.jar;E:\codes_maven_reponsitory\org\springframework\security\spring-security-rsa\1.0.9.RELEASE\spring-security-rsa-1.0.9.RELEASE.jar;E:\codes_maven_reponsitory\org\bouncycastle\bcpkix-jdk15on\1.64\bcpkix-jdk15on-1.64.jar;E:\codes_maven_reponsitory\org\bouncycastle\bcprov-jdk15on\1.64\bcprov-jdk15on-1.64.jar;E:\codes_maven_reponsitory\org\springframework\cloud\spring-cloud-netflix-hystrix\2.2.6.RELEASE\spring-cloud-netflix-hystrix-2.2.6.RELEASE.jar;E:\codes_maven_reponsitory\org\springframework\boot\spring-boot-starter-aop\2.3.2.RELEASE\spring-boot-starter-aop-2.3.2.RELEASE.jar;E:\codes_maven_reponsitory\org\springframework\cloud\spring-cloud-netflix-eureka-client\2.2.6.RELEASE\spring-cloud-netflix-eureka-client-2.2.6.RELEASE.jar;E:\codes_maven_reponsitory\com\netflix\eureka\eureka-client\1.10.7\eureka-client-1.10.7.jar;E:\codes_maven_reponsitory\com\netflix\netflix-commons\netflix-eventbus\0.3.0\netflix-eventbus-0.3.0.jar;E:\codes_maven_reponsitory\com\netflix\netflix-commons\netflix-infix\0.3.0\netflix-infix-0.3.0.jar;E:\codes_maven_reponsitory\commons-jxpath\commons-jxpath\1.3\commons-jxpath-1.3.jar;E:\codes_maven_reponsitory\joda-time\joda-time\2.3\joda-time-2.3.jar;E:\codes_maven_reponsitory\org\antlr\antlr-runtime\3.4\antlr-runtime-3.4.jar;E:\codes_maven_reponsitory\org\antlr\stringtemplate\3.2.1\stringtemplate-3.2.1.jar;E:\codes_maven_reponsitory\antlr\antlr\2.7.7\antlr-2.7.7.jar;E:\codes_maven_reponsitory\com\google\code\gson\gson\2.8.6\gson-2.8.6.jar;E:\codes_maven_reponsitory\org\apache\commons\commons-math\2.2\commons-math-2.2.jar;E:\codes_maven_reponsitory\com\netflix\archaius\archaius-core\0.7.6\archaius-core-0.7.6.jar;E:\codes_maven_reponsitory\javax\ws\rs\jsr311-api\1.1.1\jsr311-api-1.1.1.jar;E:\codes_maven_reponsitory\com\netflix\servo\servo-core\0.12.21\servo-core-0.12.21.jar;E:\codes_maven_reponsitory\com\sun\jersey\jersey-core\1.19.1\jersey-core-1.19.1.jar;E:\codes_maven_reponsitory\com\sun\jersey\jersey-client\1.19.1\jersey-client-1.19.1.jar;E:\codes_maven_reponsitory\com\sun\jersey\contribs\jersey-apache-client4\1.19.1\jersey-apache-client4-1.19.1.jar;E:\codes_maven_reponsitory\org\apache\httpcomponents\httpclient\4.5.12\httpclient-4.5.12.jar;E:\codes_maven_reponsitory\org\apache\httpcomponents\httpcore\4.4.13\httpcore-4.4.13.jar;E:\codes_maven_reponsitory\commons-codec\commons-codec\1.14\commons-codec-1.14.jar;E:\codes_maven_reponsitory\commons-configuration\commons-configuration\1.10\commons-configuration-1.10.jar;E:\codes_maven_reponsitory\commons-lang\commons-lang\2.6\commons-lang-2.6.jar;E:\codes_maven_reponsitory\com\google\inject\guice\4.1.0\guice-4.1.0.jar;E:\codes_maven_reponsitory\javax\inject\javax.inject\1\javax.inject-1.jar;E:\codes_maven_reponsitory\aopalliance\aopalliance\1.0\aopalliance-1.0.jar;E:\codes_maven_reponsitory\com\fasterxml\jackson\core\jackson-annotations\2.11.1\jackson-annotations-2.11.1.jar;E:\codes_maven_reponsitory\com\fasterxml\jackson\core\jackson-core\2.11.1\jackson-core-2.11.1.jar;E:\codes_maven_reponsitory\org\codehaus\jettison\jettison\1.3.7\jettison-1.3.7.jar;E:\codes_maven_reponsitory\stax\stax-api\1.0.1\stax-api-1.0.1.jar;E:\codes_maven_reponsitory\com\netflix\eureka\eureka-core\1.10.7\eureka-core-1.10.7.jar;E:\codes_maven_reponsitory\com\fasterxml\woodstox\woodstox-core\5.3.0\woodstox-core-5.3.0.jar;E:\codes_maven_reponsitory\org\codehaus\woodstox\stax2-api\4.2\stax2-api-4.2.jar;E:\codes_maven_reponsitory\org\springframework\cloud\spring-cloud-starter-netflix-archaius\2.2.6.RELEASE\spring-cloud-starter-netflix-archaius-2.2.6.RELEASE.jar;E:\codes_maven_reponsitory\org\springframework\cloud\spring-cloud-netflix-archaius\2.2.6.RELEASE\spring-cloud-netflix-archaius-2.2.6.RELEASE.jar;E:\codes_maven_reponsitory\org\springframework\cloud\spring-cloud-starter-netflix-ribbon\2.2.6.RELEASE\spring-cloud-starter-netflix-ribbon-2.2.6.RELEASE.jar;E:\codes_maven_reponsitory\com\netflix\ribbon\ribbon\2.3.0\ribbon-2.3.0.jar;E:\codes_maven_reponsitory\com\netflix\ribbon\ribbon-transport\2.3.0\ribbon-transport-2.3.0.jar;E:\codes_maven_reponsitory\io\reactivex\rxnetty-contexts\0.4.9\rxnetty-contexts-0.4.9.jar;E:\codes_maven_reponsitory\io\reactivex\rxnetty-servo\0.4.9\rxnetty-servo-0.4.9.jar;E:\codes_maven_reponsitory\io\reactivex\rxnetty\0.4.9\rxnetty-0.4.9.jar;E:\codes_maven_reponsitory\com\netflix\ribbon\ribbon-core\2.3.0\ribbon-core-2.3.0.jar;E:\codes_maven_reponsitory\com\netflix\ribbon\ribbon-httpclient\2.3.0\ribbon-httpclient-2.3.0.jar;E:\codes_maven_reponsitory\commons-collections\commons-collections\3.2.2\commons-collections-3.2.2.jar;E:\codes_maven_reponsitory\com\netflix\netflix-commons\netflix-commons-util\0.3.0\netflix-commons-util-0.3.0.jar;E:\codes_maven_reponsitory\com\netflix\ribbon\ribbon-loadbalancer\2.3.0\ribbon-loadbalancer-2.3.0.jar;E:\codes_maven_reponsitory\com\netflix\netflix-commons\netflix-statistics\0.1.1\netflix-statistics-0.1.1.jar;E:\codes_maven_reponsitory\io\reactivex\rxjava\1.3.8\rxjava-1.3.8.jar;E:\codes_maven_reponsitory\org\springframework\cloud\spring-cloud-starter-loadbalancer\2.2.6.RELEASE\spring-cloud-starter-loadbalancer-2.2.6.RELEASE.jar;E:\codes_maven_reponsitory\org\springframework\cloud\spring-cloud-loadbalancer\2.2.6.RELEASE\spring-cloud-loadbalancer-2.2.6.RELEASE.jar;E:\codes_maven_reponsitory\org\springframework\boot\spring-boot-starter-validation\2.3.2.RELEASE\spring-boot-starter-validation-2.3.2.RELEASE.jar;E:\codes_maven_reponsitory\org\hibernate\validator\hibernate-validator\6.1.5.Final\hibernate-validator-6.1.5.Final.jar;E:\codes_maven_reponsitory\jakarta\validation\jakarta.validation-api\2.0.2\jakarta.validation-api-2.0.2.jar;E:\codes_maven_reponsitory\org\jboss\logging\jboss-logging\3.4.1.Final\jboss-logging-3.4.1.Final.jar;E:\codes_maven_reponsitory\com\fasterxml\classmate\1.5.1\classmate-1.5.1.jar;E:\codes_maven_reponsitory\io\projectreactor\reactor-core\3.3.8.RELEASE\reactor-core-3.3.8.RELEASE.jar;E:\codes_maven_reponsitory\io\projectreactor\addons\reactor-extra\3.3.3.RELEASE\reactor-extra-3.3.3.RELEASE.jar;E:\codes_maven_reponsitory\org\springframework\boot\spring-boot-starter-cache\2.3.2.RELEASE\spring-boot-starter-cache-2.3.2.RELEASE.jar;E:\codes_maven_reponsitory\org\springframework\spring-context-support\5.2.8.RELEASE\spring-context-support-5.2.8.RELEASE.jar;E:\codes_maven_reponsitory\com\stoyanr\evictor\1.0.0\evictor-1.0.0.jar;E:\codes_maven_reponsitory\com\netflix\ribbon\ribbon-eureka\2.3.0\ribbon-eureka-2.3.0.jar;E:\codes_maven_reponsitory\com\thoughtworks\xstream\xstream\1.4.11.1\xstream-1.4.11.1.jar;E:\codes_maven_reponsitory\xmlpull\xmlpull\1.1.3.1\xmlpull-1.1.3.1.jar;E:\codes_maven_reponsitory\xpp3\xpp3_min\1.1.4c\xpp3_min-1.1.4c.jar;E:\codes_maven_reponsitory\org\springframework\cloud\spring-cloud-starter-openfeign\2.2.6.RELEASE\spring-cloud-starter-openfeign-2.2.6.RELEASE.jar;E:\codes_maven_reponsitory\org\springframework\cloud\spring-cloud-openfeign-core\2.2.6.RELEASE\spring-cloud-openfeign-core-2.2.6.RELEASE.jar;E:\codes_maven_reponsitory\io\github\openfeign\form\feign-form-spring\3.8.0\feign-form-spring-3.8.0.jar;E:\codes_maven_reponsitory\io\github\openfeign\form\feign-form\3.8.0\feign-form-3.8.0.jar;E:\codes_maven_reponsitory\commons-fileupload\commons-fileupload\1.4\commons-fileupload-1.4.jar;E:\codes_maven_reponsitory\commons-io\commons-io\2.2\commons-io-2.2.jar;E:\codes_maven_reponsitory\org\springframework\cloud\spring-cloud-commons\2.2.6.RELEASE\spring-cloud-commons-2.2.6.RELEASE.jar;E:\codes_maven_reponsitory\org\springframework\security\spring-security-crypto\5.3.3.RELEASE\spring-security-crypto-5.3.3.RELEASE.jar;E:\codes_maven_reponsitory\io\github\openfeign\feign-core\10.10.1\feign-core-10.10.1.jar;E:\codes_maven_reponsitory\io\github\openfeign\feign-slf4j\10.10.1\feign-slf4j-10.10.1.jar;E:\codes_maven_reponsitory\io\github\openfeign\feign-hystrix\10.10.1\feign-hystrix-10.10.1.jar;E:\codes_maven_reponsitory\org\springframework\cloud\spring-cloud-starter-netflix-hystrix\2.2.6.RELEASE\spring-cloud-starter-netflix-hystrix-2.2.6.RELEASE.jar;E:\codes_maven_reponsitory\org\springframework\cloud\spring-cloud-netflix-ribbon\2.2.6.RELEASE\spring-cloud-netflix-ribbon-2.2.6.RELEASE.jar;E:\codes_maven_reponsitory\com\netflix\hystrix\hystrix-core\1.5.18\hystrix-core-1.5.18.jar;E:\codes_maven_reponsitory\org\hdrhistogram\HdrHistogram\2.1.9\HdrHistogram-2.1.9.jar;E:\codes_maven_reponsitory\com\netflix\hystrix\hystrix-serialization\1.5.18\hystrix-serialization-1.5.18.jar;E:\codes_maven_reponsitory\com\fasterxml\jackson\module\jackson-module-afterburner\2.11.1\jackson-module-afterburner-2.11.1.jar;E:\codes_maven_reponsitory\com\netflix\hystrix\hystrix-metrics-event-stream\1.5.18\hystrix-metrics-event-stream-1.5.18.jar;E:\codes_maven_reponsitory\com\netflix\hystrix\hystrix-javanica\1.5.18\hystrix-javanica-1.5.18.jar;E:\codes_maven_reponsitory\org\apache\commons\commons-lang3\3.10\commons-lang3-3.10.jar;E:\codes_maven_reponsitory\org\ow2\asm\asm\5.0.4\asm-5.0.4.jar;E:\codes_maven_reponsitory\org\aspectj\aspectjweaver\1.9.6\aspectjweaver-1.9.6.jar;E:\codes_maven_reponsitory\com\google\guava\guava\29.0-jre\guava-29.0-jre.jar;E:\codes_maven_reponsitory\com\google\guava\failureaccess\1.0.1\failureaccess-1.0.1.jar;E:\codes_maven_reponsitory\com\google\guava\listenablefuture\9999.0-empty-to-avoid-conflict-with-guava\listenablefuture-9999.0-empty-to-avoid-conflict-with-guava.jar;E:\codes_maven_reponsitory\org\checkerframework\checker-qual\2.11.1\checker-qual-2.11.1.jar;E:\codes_maven_reponsitory\com\google\errorprone\error_prone_annotations\2.3.4\error_prone_annotations-2.3.4.jar;E:\codes_maven_reponsitory\com\google\j2objc\j2objc-annotations\1.3\j2objc-annotations-1.3.jar;E:\codes_maven_reponsitory\io\reactivex\rxjava-reactive-streams\1.2.1\rxjava-reactive-streams-1.2.1.jar;E:\codes_maven_reponsitory\org\reactivestreams\reactive-streams\1.0.3\reactive-streams-1.0.3.jar;E:\codes_maven_reponsitory\org\springframework\boot\spring-boot\2.3.2.RELEASE\spring-boot-2.3.2.RELEASE.jar;E:\codes_maven_reponsitory\org\springframework\spring-context\5.2.8.RELEASE\spring-context-5.2.8.RELEASE.jar;"/>
    <property name="java.vm.vendor" value="Oracle Corporation"/>
    <property name="sun.arch.data.model" value="64"/>
    <property name="user.variant" value=""/>
    <property name="java.vendor.url" value="http://java.oracle.com/"/>
    <property name="user.timezone" value="Asia/Shanghai"/>
    <property name="java.vm.specification.version" value="1.8"/>
    <property name="os.name" value="Windows 11"/>
    <property name="@appId" value="consumer"/>
    <property name="user.country" value="CN"/>
    <property name="sun.java.launcher" value="SUN_STANDARD"/>
    <property name="sun.boot.library.path" value="D:\software_work\jdk-8u361\jre\bin"/>
    <property name="sun.java.command" value="C:\Users\Suber\AppData\Local\Temp\surefire7562878135695031284\surefirebooter-20230610185423684_3.jar C:\Users\Suber\AppData\Local\Temp\surefire7562878135695031284 2023-06-10T18-54-23_496-jvmRun1 surefire-20230610185423684_1tmp surefire_0-20230610185423684_2tmp"/>
    <property name="surefire.test.class.path" value="E:\codes_workspace\java_workspace\SpringCloud\consumer\target\test-classes;E:\codes_workspace\java_workspace\SpringCloud\consumer\target\classes;E:\codes_maven_reponsitory\com\suber\common\0.0.1-SNAPSHOT\common-0.0.1-SNAPSHOT.jar;E:\codes_maven_reponsitory\cn\hutool\hutool-all\5.1.0\hutool-all-5.1.0.jar;E:\codes_maven_reponsitory\org\springframework\boot\spring-boot-starter-web\2.3.2.RELEASE\spring-boot-starter-web-2.3.2.RELEASE.jar;E:\codes_maven_reponsitory\org\springframework\boot\spring-boot-starter\2.3.2.RELEASE\spring-boot-starter-2.3.2.RELEASE.jar;E:\codes_maven_reponsitory\org\springframework\boot\spring-boot-autoconfigure\2.3.2.RELEASE\spring-boot-autoconfigure-2.3.2.RELEASE.jar;E:\codes_maven_reponsitory\org\springframework\boot\spring-boot-starter-logging\2.3.2.RELEASE\spring-boot-starter-logging-2.3.2.RELEASE.jar;E:\codes_maven_reponsitory\ch\qos\logback\logback-classic\1.2.3\logback-classic-1.2.3.jar;E:\codes_maven_reponsitory\ch\qos\logback\logback-core\1.2.3\logback-core-1.2.3.jar;E:\codes_maven_reponsitory\org\apache\logging\log4j\log4j-to-slf4j\2.13.3\log4j-to-slf4j-2.13.3.jar;E:\codes_maven_reponsitory\org\apache\logging\log4j\log4j-api\2.13.3\log4j-api-2.13.3.jar;E:\codes_maven_reponsitory\org\slf4j\jul-to-slf4j\1.7.30\jul-to-slf4j-1.7.30.jar;E:\codes_maven_reponsitory\jakarta\annotation\jakarta.annotation-api\1.3.5\jakarta.annotation-api-1.3.5.jar;E:\codes_maven_reponsitory\org\yaml\snakeyaml\1.26\snakeyaml-1.26.jar;E:\codes_maven_reponsitory\org\springframework\boot\spring-boot-starter-json\2.3.2.RELEASE\spring-boot-starter-json-2.3.2.RELEASE.jar;E:\codes_maven_reponsitory\com\fasterxml\jackson\core\jackson-databind\2.11.1\jackson-databind-2.11.1.jar;E:\codes_maven_reponsitory\com\fasterxml\jackson\datatype\jackson-datatype-jdk8\2.11.1\jackson-datatype-jdk8-2.11.1.jar;E:\codes_maven_reponsitory\com\fasterxml\jackson\datatype\jackson-datatype-jsr310\2.11.1\jackson-datatype-jsr310-2.11.1.jar;E:\codes_maven_reponsitory\com\fasterxml\jackson\module\jackson-module-parameter-names\2.11.1\jackson-module-parameter-names-2.11.1.jar;E:\codes_maven_reponsitory\org\springframework\boot\spring-boot-starter-tomcat\2.3.2.RELEASE\spring-boot-starter-tomcat-2.3.2.RELEASE.jar;E:\codes_maven_reponsitory\org\apache\tomcat\embed\tomcat-embed-core\9.0.37\tomcat-embed-core-9.0.37.jar;E:\codes_maven_reponsitory\org\glassfish\jakarta.el\3.0.3\jakarta.el-3.0.3.jar;E:\codes_maven_reponsitory\org\apache\tomcat\embed\tomcat-embed-websocket\9.0.37\tomcat-embed-websocket-9.0.37.jar;E:\codes_maven_reponsitory\org\springframework\spring-web\5.2.8.RELEASE\spring-web-5.2.8.RELEASE.jar;E:\codes_maven_reponsitory\org\springframework\spring-beans\5.2.8.RELEASE\spring-beans-5.2.8.RELEASE.jar;E:\codes_maven_reponsitory\org\springframework\spring-webmvc\5.2.8.RELEASE\spring-webmvc-5.2.8.RELEASE.jar;E:\codes_maven_reponsitory\org\springframework\spring-aop\5.2.8.RELEASE\spring-aop-5.2.8.RELEASE.jar;E:\codes_maven_reponsitory\org\springframework\spring-expression\5.2.8.RELEASE\spring-expression-5.2.8.RELEASE.jar;E:\codes_maven_reponsitory\org\springframework\boot\spring-boot-starter-test\2.3.2.RELEASE\spring-boot-starter-test-2.3.2.RELEASE.jar;E:\codes_maven_reponsitory\org\springframework\boot\spring-boot-test\2.3.2.RELEASE\spring-boot-test-2.3.2.RELEASE.jar;E:\codes_maven_reponsitory\org\springframework\boot\spring-boot-test-autoconfigure\2.3.2.RELEASE\spring-boot-test-autoconfigure-2.3.2.RELEASE.jar;E:\codes_maven_reponsitory\com\jayway\jsonpath\json-path\2.4.0\json-path-2.4.0.jar;E:\codes_maven_reponsitory\net\minidev\json-smart\2.3\json-smart-2.3.jar;E:\codes_maven_reponsitory\net\minidev\accessors-smart\1.2\accessors-smart-1.2.jar;E:\codes_maven_reponsitory\org\slf4j\slf4j-api\1.7.30\slf4j-api-1.7.30.jar;E:\codes_maven_reponsitory\jakarta\xml\bind\jakarta.xml.bind-api\2.3.3\jakarta.xml.bind-api-2.3.3.jar;E:\codes_maven_reponsitory\jakarta\activation\jakarta.activation-api\1.2.2\jakarta.activation-api-1.2.2.jar;E:\codes_maven_reponsitory\org\assertj\assertj-core\3.16.1\assertj-core-3.16.1.jar;E:\codes_maven_reponsitory\org\hamcrest\hamcrest\2.2\hamcrest-2.2.jar;E:\codes_maven_reponsitory\org\junit\jupiter\junit-jupiter\5.6.2\junit-jupiter-5.6.2.jar;E:\codes_maven_reponsitory\org\junit\jupiter\junit-jupiter-api\5.6.2\junit-jupiter-api-5.6.2.jar;E:\codes_maven_reponsitory\org\opentest4j\opentest4j\1.2.0\opentest4j-1.2.0.jar;E:\codes_maven_reponsitory\org\junit\platform\junit-platform-commons\1.6.2\junit-platform-commons-1.6.2.jar;E:\codes_maven_reponsitory\org\junit\jupiter\junit-jupiter-params\5.6.2\junit-jupiter-params-5.6.2.jar;E:\codes_maven_reponsitory\org\junit\jupiter\junit-jupiter-engine\5.6.2\junit-jupiter-engine-5.6.2.jar;E:\codes_maven_reponsitory\org\junit\vintage\junit-vintage-engine\5.6.2\junit-vintage-engine-5.6.2.jar;E:\codes_maven_reponsitory\org\apiguardian\apiguardian-api\1.1.0\apiguardian-api-1.1.0.jar;E:\codes_maven_reponsitory\org\junit\platform\junit-platform-engine\1.6.2\junit-platform-engine-1.6.2.jar;E:\codes_maven_reponsitory\junit\junit\4.12\junit-4.12.jar;E:\codes_maven_reponsitory\org\mockito\mockito-core\3.3.3\mockito-core-3.3.3.jar;E:\codes_maven_reponsitory\net\bytebuddy\byte-buddy\1.10.13\byte-buddy-1.10.13.jar;E:\codes_maven_reponsitory\net\bytebuddy\byte-buddy-agent\1.10.13\byte-buddy-agent-1.10.13.jar;E:\codes_maven_reponsitory\org\objenesis\objenesis\2.6\objenesis-2.6.jar;E:\codes_maven_reponsitory\org\mockito\mockito-junit-jupiter\3.3.3\mockito-junit-jupiter-3.3.3.jar;E:\codes_maven_reponsitory\org\skyscreamer\jsonassert\1.5.0\jsonassert-1.5.0.jar;E:\codes_maven_reponsitory\com\vaadin\external\google\android-json\0.0.20131108.vaadin1\android-json-0.0.20131108.vaadin1.jar;E:\codes_maven_reponsitory\org\springframework\spring-core\5.2.8.RELEASE\spring-core-5.2.8.RELEASE.jar;E:\codes_maven_reponsitory\org\springframework\spring-jcl\5.2.8.RELEASE\spring-jcl-5.2.8.RELEASE.jar;E:\codes_maven_reponsitory\org\springframework\spring-test\5.2.8.RELEASE\spring-test-5.2.8.RELEASE.jar;E:\codes_maven_reponsitory\org\xmlunit\xmlunit-core\2.7.0\xmlunit-core-2.7.0.jar;E:\codes_maven_reponsitory\org\projectlombok\lombok\1.16.18\lombok-1.16.18.jar;E:\codes_maven_reponsitory\org\springframework\cloud\spring-cloud-starter-netflix-eureka-client\2.2.2.RELEASE\spring-cloud-starter-netflix-eureka-client-2.2.2.RELEASE.jar;E:\codes_maven_reponsitory\org\springframework\cloud\spring-cloud-starter\2.2.6.RELEASE\spring-cloud-starter-2.2.6.RELEASE.jar;E:\codes_maven_reponsitory\org\springframework\cloud\spring-cloud-context\2.2.6.RELEASE\spring-cloud-context-2.2.6.RELEASE.jar;E:\codes_maven_reponsitory\org\springframework\security\spring-security-rsa\1.0.9.RELEASE\spring-security-rsa-1.0.9.RELEASE.jar;E:\codes_maven_reponsitory\org\bouncycastle\bcpkix-jdk15on\1.64\bcpkix-jdk15on-1.64.jar;E:\codes_maven_reponsitory\org\bouncycastle\bcprov-jdk15on\1.64\bcprov-jdk15on-1.64.jar;E:\codes_maven_reponsitory\org\springframework\cloud\spring-cloud-netflix-hystrix\2.2.6.RELEASE\spring-cloud-netflix-hystrix-2.2.6.RELEASE.jar;E:\codes_maven_reponsitory\org\springframework\boot\spring-boot-starter-aop\2.3.2.RELEASE\spring-boot-starter-aop-2.3.2.RELEASE.jar;E:\codes_maven_reponsitory\org\springframework\cloud\spring-cloud-netflix-eureka-client\2.2.6.RELEASE\spring-cloud-netflix-eureka-client-2.2.6.RELEASE.jar;E:\codes_maven_reponsitory\com\netflix\eureka\eureka-client\1.10.7\eureka-client-1.10.7.jar;E:\codes_maven_reponsitory\com\netflix\netflix-commons\netflix-eventbus\0.3.0\netflix-eventbus-0.3.0.jar;E:\codes_maven_reponsitory\com\netflix\netflix-commons\netflix-infix\0.3.0\netflix-infix-0.3.0.jar;E:\codes_maven_reponsitory\commons-jxpath\commons-jxpath\1.3\commons-jxpath-1.3.jar;E:\codes_maven_reponsitory\joda-time\joda-time\2.3\joda-time-2.3.jar;E:\codes_maven_reponsitory\org\antlr\antlr-runtime\3.4\antlr-runtime-3.4.jar;E:\codes_maven_reponsitory\org\antlr\stringtemplate\3.2.1\stringtemplate-3.2.1.jar;E:\codes_maven_reponsitory\antlr\antlr\2.7.7\antlr-2.7.7.jar;E:\codes_maven_reponsitory\com\google\code\gson\gson\2.8.6\gson-2.8.6.jar;E:\codes_maven_reponsitory\org\apache\commons\commons-math\2.2\commons-math-2.2.jar;E:\codes_maven_reponsitory\com\netflix\archaius\archaius-core\0.7.6\archaius-core-0.7.6.jar;E:\codes_maven_reponsitory\javax\ws\rs\jsr311-api\1.1.1\jsr311-api-1.1.1.jar;E:\codes_maven_reponsitory\com\netflix\servo\servo-core\0.12.21\servo-core-0.12.21.jar;E:\codes_maven_reponsitory\com\sun\jersey\jersey-core\1.19.1\jersey-core-1.19.1.jar;E:\codes_maven_reponsitory\com\sun\jersey\jersey-client\1.19.1\jersey-client-1.19.1.jar;E:\codes_maven_reponsitory\com\sun\jersey\contribs\jersey-apache-client4\1.19.1\jersey-apache-client4-1.19.1.jar;E:\codes_maven_reponsitory\org\apache\httpcomponents\httpclient\4.5.12\httpclient-4.5.12.jar;E:\codes_maven_reponsitory\org\apache\httpcomponents\httpcore\4.4.13\httpcore-4.4.13.jar;E:\codes_maven_reponsitory\commons-codec\commons-codec\1.14\commons-codec-1.14.jar;E:\codes_maven_reponsitory\commons-configuration\commons-configuration\1.10\commons-configuration-1.10.jar;E:\codes_maven_reponsitory\commons-lang\commons-lang\2.6\commons-lang-2.6.jar;E:\codes_maven_reponsitory\com\google\inject\guice\4.1.0\guice-4.1.0.jar;E:\codes_maven_reponsitory\javax\inject\javax.inject\1\javax.inject-1.jar;E:\codes_maven_reponsitory\aopalliance\aopalliance\1.0\aopalliance-1.0.jar;E:\codes_maven_reponsitory\com\fasterxml\jackson\core\jackson-annotations\2.11.1\jackson-annotations-2.11.1.jar;E:\codes_maven_reponsitory\com\fasterxml\jackson\core\jackson-core\2.11.1\jackson-core-2.11.1.jar;E:\codes_maven_reponsitory\org\codehaus\jettison\jettison\1.3.7\jettison-1.3.7.jar;E:\codes_maven_reponsitory\stax\stax-api\1.0.1\stax-api-1.0.1.jar;E:\codes_maven_reponsitory\com\netflix\eureka\eureka-core\1.10.7\eureka-core-1.10.7.jar;E:\codes_maven_reponsitory\com\fasterxml\woodstox\woodstox-core\5.3.0\woodstox-core-5.3.0.jar;E:\codes_maven_reponsitory\org\codehaus\woodstox\stax2-api\4.2\stax2-api-4.2.jar;E:\codes_maven_reponsitory\org\springframework\cloud\spring-cloud-starter-netflix-archaius\2.2.6.RELEASE\spring-cloud-starter-netflix-archaius-2.2.6.RELEASE.jar;E:\codes_maven_reponsitory\org\springframework\cloud\spring-cloud-netflix-archaius\2.2.6.RELEASE\spring-cloud-netflix-archaius-2.2.6.RELEASE.jar;E:\codes_maven_reponsitory\org\springframework\cloud\spring-cloud-starter-netflix-ribbon\2.2.6.RELEASE\spring-cloud-starter-netflix-ribbon-2.2.6.RELEASE.jar;E:\codes_maven_reponsitory\com\netflix\ribbon\ribbon\2.3.0\ribbon-2.3.0.jar;E:\codes_maven_reponsitory\com\netflix\ribbon\ribbon-transport\2.3.0\ribbon-transport-2.3.0.jar;E:\codes_maven_reponsitory\io\reactivex\rxnetty-contexts\0.4.9\rxnetty-contexts-0.4.9.jar;E:\codes_maven_reponsitory\io\reactivex\rxnetty-servo\0.4.9\rxnetty-servo-0.4.9.jar;E:\codes_maven_reponsitory\io\reactivex\rxnetty\0.4.9\rxnetty-0.4.9.jar;E:\codes_maven_reponsitory\com\netflix\ribbon\ribbon-core\2.3.0\ribbon-core-2.3.0.jar;E:\codes_maven_reponsitory\com\netflix\ribbon\ribbon-httpclient\2.3.0\ribbon-httpclient-2.3.0.jar;E:\codes_maven_reponsitory\commons-collections\commons-collections\3.2.2\commons-collections-3.2.2.jar;E:\codes_maven_reponsitory\com\netflix\netflix-commons\netflix-commons-util\0.3.0\netflix-commons-util-0.3.0.jar;E:\codes_maven_reponsitory\com\netflix\ribbon\ribbon-loadbalancer\2.3.0\ribbon-loadbalancer-2.3.0.jar;E:\codes_maven_reponsitory\com\netflix\netflix-commons\netflix-statistics\0.1.1\netflix-statistics-0.1.1.jar;E:\codes_maven_reponsitory\io\reactivex\rxjava\1.3.8\rxjava-1.3.8.jar;E:\codes_maven_reponsitory\org\springframework\cloud\spring-cloud-starter-loadbalancer\2.2.6.RELEASE\spring-cloud-starter-loadbalancer-2.2.6.RELEASE.jar;E:\codes_maven_reponsitory\org\springframework\cloud\spring-cloud-loadbalancer\2.2.6.RELEASE\spring-cloud-loadbalancer-2.2.6.RELEASE.jar;E:\codes_maven_reponsitory\org\springframework\boot\spring-boot-starter-validation\2.3.2.RELEASE\spring-boot-starter-validation-2.3.2.RELEASE.jar;E:\codes_maven_reponsitory\org\hibernate\validator\hibernate-validator\6.1.5.Final\hibernate-validator-6.1.5.Final.jar;E:\codes_maven_reponsitory\jakarta\validation\jakarta.validation-api\2.0.2\jakarta.validation-api-2.0.2.jar;E:\codes_maven_reponsitory\org\jboss\logging\jboss-logging\3.4.1.Final\jboss-logging-3.4.1.Final.jar;E:\codes_maven_reponsitory\com\fasterxml\classmate\1.5.1\classmate-1.5.1.jar;E:\codes_maven_reponsitory\io\projectreactor\reactor-core\3.3.8.RELEASE\reactor-core-3.3.8.RELEASE.jar;E:\codes_maven_reponsitory\io\projectreactor\addons\reactor-extra\3.3.3.RELEASE\reactor-extra-3.3.3.RELEASE.jar;E:\codes_maven_reponsitory\org\springframework\boot\spring-boot-starter-cache\2.3.2.RELEASE\spring-boot-starter-cache-2.3.2.RELEASE.jar;E:\codes_maven_reponsitory\org\springframework\spring-context-support\5.2.8.RELEASE\spring-context-support-5.2.8.RELEASE.jar;E:\codes_maven_reponsitory\com\stoyanr\evictor\1.0.0\evictor-1.0.0.jar;E:\codes_maven_reponsitory\com\netflix\ribbon\ribbon-eureka\2.3.0\ribbon-eureka-2.3.0.jar;E:\codes_maven_reponsitory\com\thoughtworks\xstream\xstream\1.4.11.1\xstream-1.4.11.1.jar;E:\codes_maven_reponsitory\xmlpull\xmlpull\1.1.3.1\xmlpull-1.1.3.1.jar;E:\codes_maven_reponsitory\xpp3\xpp3_min\1.1.4c\xpp3_min-1.1.4c.jar;E:\codes_maven_reponsitory\org\springframework\cloud\spring-cloud-starter-openfeign\2.2.6.RELEASE\spring-cloud-starter-openfeign-2.2.6.RELEASE.jar;E:\codes_maven_reponsitory\org\springframework\cloud\spring-cloud-openfeign-core\2.2.6.RELEASE\spring-cloud-openfeign-core-2.2.6.RELEASE.jar;E:\codes_maven_reponsitory\io\github\openfeign\form\feign-form-spring\3.8.0\feign-form-spring-3.8.0.jar;E:\codes_maven_reponsitory\io\github\openfeign\form\feign-form\3.8.0\feign-form-3.8.0.jar;E:\codes_maven_reponsitory\commons-fileupload\commons-fileupload\1.4\commons-fileupload-1.4.jar;E:\codes_maven_reponsitory\commons-io\commons-io\2.2\commons-io-2.2.jar;E:\codes_maven_reponsitory\org\springframework\cloud\spring-cloud-commons\2.2.6.RELEASE\spring-cloud-commons-2.2.6.RELEASE.jar;E:\codes_maven_reponsitory\org\springframework\security\spring-security-crypto\5.3.3.RELEASE\spring-security-crypto-5.3.3.RELEASE.jar;E:\codes_maven_reponsitory\io\github\openfeign\feign-core\10.10.1\feign-core-10.10.1.jar;E:\codes_maven_reponsitory\io\github\openfeign\feign-slf4j\10.10.1\feign-slf4j-10.10.1.jar;E:\codes_maven_reponsitory\io\github\openfeign\feign-hystrix\10.10.1\feign-hystrix-10.10.1.jar;E:\codes_maven_reponsitory\org\springframework\cloud\spring-cloud-starter-netflix-hystrix\2.2.6.RELEASE\spring-cloud-starter-netflix-hystrix-2.2.6.RELEASE.jar;E:\codes_maven_reponsitory\org\springframework\cloud\spring-cloud-netflix-ribbon\2.2.6.RELEASE\spring-cloud-netflix-ribbon-2.2.6.RELEASE.jar;E:\codes_maven_reponsitory\com\netflix\hystrix\hystrix-core\1.5.18\hystrix-core-1.5.18.jar;E:\codes_maven_reponsitory\org\hdrhistogram\HdrHistogram\2.1.9\HdrHistogram-2.1.9.jar;E:\codes_maven_reponsitory\com\netflix\hystrix\hystrix-serialization\1.5.18\hystrix-serialization-1.5.18.jar;E:\codes_maven_reponsitory\com\fasterxml\jackson\module\jackson-module-afterburner\2.11.1\jackson-module-afterburner-2.11.1.jar;E:\codes_maven_reponsitory\com\netflix\hystrix\hystrix-metrics-event-stream\1.5.18\hystrix-metrics-event-stream-1.5.18.jar;E:\codes_maven_reponsitory\com\netflix\hystrix\hystrix-javanica\1.5.18\hystrix-javanica-1.5.18.jar;E:\codes_maven_reponsitory\org\apache\commons\commons-lang3\3.10\commons-lang3-3.10.jar;E:\codes_maven_reponsitory\org\ow2\asm\asm\5.0.4\asm-5.0.4.jar;E:\codes_maven_reponsitory\org\aspectj\aspectjweaver\1.9.6\aspectjweaver-1.9.6.jar;E:\codes_maven_reponsitory\com\google\guava\guava\29.0-jre\guava-29.0-jre.jar;E:\codes_maven_reponsitory\com\google\guava\failureaccess\1.0.1\failureaccess-1.0.1.jar;E:\codes_maven_reponsitory\com\google\guava\listenablefuture\9999.0-empty-to-avoid-conflict-with-guava\listenablefuture-9999.0-empty-to-avoid-conflict-with-guava.jar;E:\codes_maven_reponsitory\org\checkerframework\checker-qual\2.11.1\checker-qual-2.11.1.jar;E:\codes_maven_reponsitory\com\google\errorprone\error_prone_annotations\2.3.4\error_prone_annotations-2.3.4.jar;E:\codes_maven_reponsitory\com\google\j2objc\j2objc-annotations\1.3\j2objc-annotations-1.3.jar;E:\codes_maven_reponsitory\io\reactivex\rxjava-reactive-streams\1.2.1\rxjava-reactive-streams-1.2.1.jar;E:\codes_maven_reponsitory\org\reactivestreams\reactive-streams\1.0.3\reactive-streams-1.0.3.jar;E:\codes_maven_reponsitory\org\springframework\boot\spring-boot\2.3.2.RELEASE\spring-boot-2.3.2.RELEASE.jar;E:\codes_maven_reponsitory\org\springframework\spring-context\5.2.8.RELEASE\spring-context-5.2.8.RELEASE.jar;"/>
    <property name="sun.cpu.endian" value="little"/>
    <property name="user.home" value="C:\Users\Suber"/>
    <property name="user.language" value="zh"/>
    <property name="java.specification.vendor" value="Oracle Corporation"/>
    <property name="java.home" value="D:\software_work\jdk-8u361\jre"/>
    <property name="basedir" value="E:\codes_workspace\java_workspace\SpringCloud\consumer"/>
    <property name="file.separator" value="\"/>
    <property name="line.separator" value="&#10;"/>
    <property name="java.vm.specification.vendor" value="Oracle Corporation"/>
    <property name="java.specification.name" value="Java Platform API Specification"/>
    <property name="java.awt.graphicsenv" value="sun.awt.Win32GraphicsEnvironment"/>
    <property name="java.awt.headless" value="true"/>
    <property name="surefire.real.class.path" value="C:\Users\Suber\AppData\Local\Temp\surefire7562878135695031284\surefirebooter-20230610185423684_3.jar"/>
    <property name="sun.boot.class.path" value="D:\software_work\jdk-8u361\jre\lib\resources.jar;D:\software_work\jdk-8u361\jre\lib\rt.jar;D:\software_work\jdk-8u361\jre\lib\jsse.jar;D:\software_work\jdk-8u361\jre\lib\jce.jar;D:\software_work\jdk-8u361\jre\lib\charsets.jar;D:\software_work\jdk-8u361\jre\lib\jfr.jar;D:\software_work\jdk-8u361\jre\classes"/>
    <property name="user.script" value=""/>
    <property name="sun.management.compiler" value="HotSpot 64-Bit Tiered Compilers"/>
    <property name="java.runtime.version" value="1.8.0_361-b09"/>
    <property name="user.name" value="Suber"/>
    <property name="path.separator" value=";"/>
    <property name="os.version" value="10.0"/>
    <property name="java.endorsed.dirs" value="D:\software_work\jdk-8u361\jre\lib\endorsed"/>
    <property name="java.runtime.name" value="Java(TM) SE Runtime Environment"/>
    <property name="file.encoding" value="GBK"/>
    <property name="spring.beaninfo.ignore" value="true"/>
    <property name="java.vm.name" value="Java HotSpot(TM) 64-Bit Server VM"/>
    <property name="localRepository" value="E:\codes_maven_reponsitory"/>
    <property name="java.vendor.url.bug" value="http://bugreport.sun.com/bugreport/"/>
    <property name="java.io.tmpdir" value="C:\Users\Suber\AppData\Local\Temp\"/>
    <property name="idea.version" value="2023.1"/>
    <property name="java.version" value="1.8.0_361"/>
    <property name="user.dir" value="E:\codes_workspace\java_workspace\SpringCloud\consumer"/>
    <property name="os.arch" value="amd64"/>
    <property name="java.vm.specification.name" value="Java Virtual Machine Specification"/>
    <property name="PID" value="21760"/>
    <property name="java.awt.printerjob" value="sun.awt.windows.WPrinterJob"/>
    <property name="sun.os.patch.level" value=""/>
    <property name="java.library.path" value="D:\software_work\jdk-8u361\jre\bin;C:\WINDOWS\Sun\Java\bin;C:\WINDOWS\system32;C:\WINDOWS;D:\software_work\vmware-Workstation-pro-17\bin\;C:\Program Files (x86)\Common Files\Oracle\Java\javapath;C:\WINDOWS\system32;C:\WINDOWS;C:\WINDOWS\System32\Wbem;C:\WINDOWS\System32\WindowsPowerShell\v1.0\;C:\WINDOWS\System32\OpenSSH\;D:\software_work\go1.19.4\bin;C:\Users\Suber\AppData\Local\Microsoft\WindowsApps;D:\software_work\IntelliJ IDEA Community Edition 2022.2\bin;;C:\Users\Suber\go\bin;D:\software_work\go1.19.4\bin;D:\software_work\jdk-8u361\bin;D:\software_work\jdk-8u361\jre\bin;D:\software_work\Microsoft VS Code\bin;D:\software_work\apache-maven-3.9.1\bin;D:\software_work\idea-202301\IntelliJ IDEA 2023.1\bin;;;."/>
    <property name="java.vm.info" value="mixed mode"/>
    <property name="java.vendor" value="Oracle Corporation"/>
    <property name="java.vm.version" value="25.361-b09"/>
    <property name="java.specification.maintenance.version" value="4"/>
    <property name="java.ext.dirs" value="D:\software_work\jdk-8u361\jre\lib\ext;C:\WINDOWS\Sun\Java\lib\ext"/>
    <property name="sun.io.unicode.encoding" value="UnicodeLittle"/>
    <property name="maven.repo.local" value="E:\codes_maven_reponsitory"/>
    <property name="java.class.version" value="52.0"/>
  </properties>
  <testcase name="contextLoads" classname="com.suber.consumer.ConsumerApplicationTests" time="0.119">
    <system-out><![CDATA[18:54:24.153 [main] DEBUG org.springframework.test.context.BootstrapUtils - Instantiating CacheAwareContextLoaderDelegate from class [org.springframework.test.context.cache.DefaultCacheAwareContextLoaderDelegate]
18:54:24.160 [main] DEBUG org.springframework.test.context.BootstrapUtils - Instantiating BootstrapContext using constructor [public org.springframework.test.context.support.DefaultBootstrapContext(java.lang.Class,org.springframework.test.context.CacheAwareContextLoaderDelegate)]
18:54:24.178 [main] DEBUG org.springframework.test.context.BootstrapUtils - Instantiating TestContextBootstrapper for test class [com.suber.consumer.ConsumerApplicationTests] from class [org.springframework.boot.test.context.SpringBootTestContextBootstrapper]
18:54:24.187 [main] INFO org.springframework.boot.test.context.SpringBootTestContextBootstrapper - Neither @ContextConfiguration nor @ContextHierarchy found for test class [com.suber.consumer.ConsumerApplicationTests], using SpringBootContextLoader
18:54:24.189 [main] DEBUG org.springframework.test.context.support.AbstractContextLoader - Did not detect default resource location for test class [com.suber.consumer.ConsumerApplicationTests]: class path resource [com/suber/consumer/ConsumerApplicationTests-context.xml] does not exist
18:54:24.190 [main] DEBUG org.springframework.test.context.support.AbstractContextLoader - Did not detect default resource location for test class [com.suber.consumer.ConsumerApplicationTests]: class path resource [com/suber/consumer/ConsumerApplicationTestsContext.groovy] does not exist
18:54:24.190 [main] INFO org.springframework.test.context.support.AbstractContextLoader - Could not detect default resource locations for test class [com.suber.consumer.ConsumerApplicationTests]: no resource found for suffixes {-context.xml, Context.groovy}.
18:54:24.190 [main] INFO org.springframework.test.context.support.AnnotationConfigContextLoaderUtils - Could not detect default configuration classes for test class [com.suber.consumer.ConsumerApplicationTests]: ConsumerApplicationTests does not declare any static, non-private, non-final, nested classes annotated with @Configuration.
18:54:24.217 [main] DEBUG org.springframework.test.context.support.ActiveProfilesUtils - Could not find an 'annotation declaring class' for annotation type [org.springframework.test.context.ActiveProfiles] and class [com.suber.consumer.ConsumerApplicationTests]
18:54:24.265 [main] DEBUG org.springframework.context.annotation.ClassPathScanningCandidateComponentProvider - Identified candidate component class: file [E:\codes_workspace\java_workspace\SpringCloud\consumer\target\classes\com\suber\consumer\ConsumerApplication.class]
18:54:24.265 [main] INFO org.springframework.boot.test.context.SpringBootTestContextBootstrapper - Found @SpringBootConfiguration com.suber.consumer.ConsumerApplication for test class com.suber.consumer.ConsumerApplicationTests
18:54:24.344 [main] DEBUG org.springframework.boot.test.context.SpringBootTestContextBootstrapper - @TestExecutionListeners is not present for class [com.suber.consumer.ConsumerApplicationTests]: using defaults.
18:54:24.345 [main] INFO org.springframework.boot.test.context.SpringBootTestContextBootstrapper - Loaded default TestExecutionListener class names from location [META-INF/spring.factories]: [org.springframework.boot.test.mock.mockito.MockitoTestExecutionListener, org.springframework.boot.test.mock.mockito.ResetMocksTestExecutionListener, org.springframework.boot.test.autoconfigure.restdocs.RestDocsTestExecutionListener, org.springframework.boot.test.autoconfigure.web.client.MockRestServiceServerResetTestExecutionListener, org.springframework.boot.test.autoconfigure.web.servlet.MockMvcPrintOnlyOnFailureTestExecutionListener, org.springframework.boot.test.autoconfigure.web.servlet.WebDriverTestExecutionListener, org.springframework.boot.test.autoconfigure.webservices.client.MockWebServiceServerTestExecutionListener, org.springframework.test.context.web.ServletTestExecutionListener, org.springframework.test.context.support.DirtiesContextBeforeModesTestExecutionListener, org.springframework.test.context.support.DependencyInjectionTestExecutionListener, org.springframework.test.context.support.DirtiesContextTestExecutionListener, org.springframework.test.context.transaction.TransactionalTestExecutionListener, org.springframework.test.context.jdbc.SqlScriptsTestExecutionListener, org.springframework.test.context.event.EventPublishingTestExecutionListener]
18:54:24.353 [main] DEBUG org.springframework.boot.test.context.SpringBootTestContextBootstrapper - Skipping candidate TestExecutionListener [org.springframework.test.context.transaction.TransactionalTestExecutionListener] due to a missing dependency. Specify custom listener classes or make the default listener classes and their required dependencies available. Offending class: [org/springframework/transaction/interceptor/TransactionAttributeSource]
18:54:24.354 [main] DEBUG org.springframework.boot.test.context.SpringBootTestContextBootstrapper - Skipping candidate TestExecutionListener [org.springframework.test.context.jdbc.SqlScriptsTestExecutionListener] due to a missing dependency. Specify custom listener classes or make the default listener classes and their required dependencies available. Offending class: [org/springframework/transaction/interceptor/TransactionAttribute]
18:54:24.354 [main] INFO org.springframework.boot.test.context.SpringBootTestContextBootstrapper - Using TestExecutionListeners: [org.springframework.test.context.web.ServletTestExecutionListener@7b50df34, org.springframework.test.context.support.DirtiesContextBeforeModesTestExecutionListener@1b410b60, org.springframework.boot.test.mock.mockito.MockitoTestExecutionListener@2462cb01, org.springframework.boot.test.autoconfigure.SpringBootDependencyInjectionTestExecutionListener@19b843ba, org.springframework.test.context.support.DirtiesContextTestExecutionListener@64ec96c6, org.springframework.test.context.event.EventPublishingTestExecutionListener@77659b30, org.springframework.boot.test.mock.mockito.ResetMocksTestExecutionListener@456d6c1e, org.springframework.boot.test.autoconfigure.restdocs.RestDocsTestExecutionListener@1e13529a, org.springframework.boot.test.autoconfigure.web.client.MockRestServiceServerResetTestExecutionListener@1ec9bd38, org.springframework.boot.test.autoconfigure.web.servlet.MockMvcPrintOnlyOnFailureTestExecutionListener@452e19ca, org.springframework.boot.test.autoconfigure.web.servlet.WebDriverTestExecutionListener@6b0d80ed, org.springframework.boot.test.autoconfigure.webservices.client.MockWebServiceServerTestExecutionListener@6f8e8894]
18:54:24.356 [main] DEBUG org.springframework.test.context.support.AbstractDirtiesContextTestExecutionListener - Before test class: context [DefaultTestContext@3eb91815 testClass = ConsumerApplicationTests, testInstance = [null], testMethod = [null], testException = [null], mergedContextConfiguration = [WebMergedContextConfiguration@56dc1551 testClass = ConsumerApplicationTests, locations = '{}', classes = '{class com.suber.consumer.ConsumerApplication}', contextInitializerClasses = '[]', activeProfiles = '{}', propertySourceLocations = '{}', propertySourceProperties = '{org.springframework.boot.test.context.SpringBootTestContextBootstrapper=true}', contextCustomizers = set[org.springframework.boot.test.context.filter.ExcludeFilterContextCustomizer@24aed80c, org.springframework.boot.test.json.DuplicateJsonObjectContextCustomizerFactory$DuplicateJsonObjectContextCustomizer@752325ad, org.springframework.boot.test.mock.mockito.MockitoContextCustomizer@0, org.springframework.boot.test.web.client.TestRestTemplateContextCustomizer@2df3b89c, org.springframework.boot.test.autoconfigure.properties.PropertyMappingContextCustomizer@0, org.springframework.boot.test.autoconfigure.web.servlet.WebDriverContextCustomizerFactory$Customizer@7530ad9c, org.springframework.boot.test.context.SpringBootTestArgs@1], resourceBasePath = 'src/main/webapp', contextLoader = 'org.springframework.boot.test.context.SpringBootContextLoader', parent = [null]], attributes = map['org.springframework.test.context.web.ServletTestExecutionListener.activateListener' -> true]], class annotated with @DirtiesContext [false] with mode [null].
18:54:24.375 [main] DEBUG org.springframework.test.context.support.TestPropertySourceUtils - Adding inlined properties to environment: {spring.jmx.enabled=false, org.springframework.boot.test.context.SpringBootTestContextBootstrapper=true}

  .   ____          _            __ _ _
 /\\ / ___'_ __ _ _(_)_ __  __ _ \ \ \ \
( ( )\___ | '_ | '_| | '_ \/ _` | \ \ \ \
 \\/  ___)| |_)| | | | | || (_| |  ) ) ) )
  '  |____| .__|_| |_|_| |_\__, | / / / /
 =========|_|==============|___/=/_/_/_/
 :: Spring Boot ::        (v2.3.2.RELEASE)

2023-06-10 18:54:26.039  INFO 21760 --- [           main] c.s.consumer.ConsumerApplicationTests    : No active profile set, falling back to default profiles: default
2023-06-10 18:54:26.452  INFO 21760 --- [           main] o.s.cloud.context.scope.GenericScope     : BeanFactory id=50a31a47-7b07-39d8-834e-1c90a3b27ee1
2023-06-10 18:54:26.482  INFO 21760 --- [           main] trationDelegate$BeanPostProcessorChecker : Bean 'com.suber.consumer.client.PaymentFeignClient' of type [org.springframework.cloud.openfeign.FeignClientFactoryBean] is not eligible for getting processed by all BeanPostProcessors (for example: not eligible for auto-proxying)
2023-06-10 18:54:27.079  WARN 21760 --- [           main] c.n.c.sources.URLConfigurationSource     : No URLs will be polled as dynamic configuration sources.
2023-06-10 18:54:27.079  INFO 21760 --- [           main] c.n.c.sources.URLConfigurationSource     : To enable URLs as dynamic configuration sources, define System property archaius.configurationSource.additionalUrls or make config.properties available on classpath.
2023-06-10 18:54:27.084  WARN 21760 --- [           main] c.n.c.sources.URLConfigurationSource     : No URLs will be polled as dynamic configuration sources.
2023-06-10 18:54:27.084  INFO 21760 --- [           main] c.n.c.sources.URLConfigurationSource     : To enable URLs as dynamic configuration sources, define System property archaius.configurationSource.additionalUrls or make config.properties available on classpath.
2023-06-10 18:54:27.295  INFO 21760 --- [           main] o.s.s.concurrent.ThreadPoolTaskExecutor  : Initializing ExecutorService 'applicationTaskExecutor'
2023-06-10 18:54:27.510  INFO 21760 --- [           main] DiscoveryClientOptionalArgsConfiguration : Eureka HTTP Client uses Jersey
2023-06-10 18:54:27.713  WARN 21760 --- [           main] ockingLoadBalancerClientRibbonWarnLogger : You already have RibbonLoadBalancerClient on your classpath. It will be used by default. As Spring Cloud Ribbon is in maintenance mode. We recommend switching to BlockingLoadBalancerClient instead. In order to use it, set the value of `spring.cloud.loadbalancer.ribbon.enabled` to `false` or remove spring-cloud-starter-netflix-ribbon from your project.
2023-06-10 18:54:27.765  INFO 21760 --- [           main] o.s.c.n.eureka.InstanceInfoFactory       : Setting initial instance status as: STARTING
2023-06-10 18:54:27.813  INFO 21760 --- [           main] com.netflix.discovery.DiscoveryClient    : Initializing Eureka in region us-east-1
2023-06-10 18:54:28.211  INFO 21760 --- [           main] c.n.d.provider.DiscoveryJerseyProvider   : Using JSON encoding codec LegacyJacksonJson
2023-06-10 18:54:28.211  INFO 21760 --- [           main] c.n.d.provider.DiscoveryJerseyProvider   : Using JSON decoding codec LegacyJacksonJson
2023-06-10 18:54:28.320  INFO 21760 --- [           main] c.n.d.provider.DiscoveryJerseyProvider   : Using XML encoding codec XStreamXml
2023-06-10 18:54:28.320  INFO 21760 --- [           main] c.n.d.provider.DiscoveryJerseyProvider   : Using XML decoding codec XStreamXml
2023-06-10 18:54:28.428  INFO 21760 --- [           main] c.n.d.s.r.aws.ConfigClusterResolver      : Resolving eureka endpoints via configuration
2023-06-10 18:54:28.533  INFO 21760 --- [           main] com.netflix.discovery.DiscoveryClient    : Disable delta property : false
2023-06-10 18:54:28.533  INFO 21760 --- [           main] com.netflix.discovery.DiscoveryClient    : Single vip registry refresh property : null
2023-06-10 18:54:28.533  INFO 21760 --- [           main] com.netflix.discovery.DiscoveryClient    : Force full registry fetch : false
2023-06-10 18:54:28.533  INFO 21760 --- [           main] com.netflix.discovery.DiscoveryClient    : Application is null : false
2023-06-10 18:54:28.533  INFO 21760 --- [           main] com.netflix.discovery.DiscoveryClient    : Registered Applications size is zero : true
2023-06-10 18:54:28.534  INFO 21760 --- [           main] com.netflix.discovery.DiscoveryClient    : Application version is -1: true
2023-06-10 18:54:28.534  INFO 21760 --- [           main] com.netflix.discovery.DiscoveryClient    : Getting all instance registry info from the eureka server
2023-06-10 18:54:32.641  INFO 21760 --- [           main] c.n.d.s.t.d.RedirectingEurekaHttpClient  : Request execution error. endpoint=DefaultEndpoint{ serviceUrl='http://localhost:7001/eureka/}, exception=java.net.ConnectException: Connection refused: connect stacktrace=com.sun.jersey.api.client.ClientHandlerException: java.net.ConnectException: Connection refused: connect
	at com.sun.jersey.client.apache4.ApacheHttpClient4Handler.handle(ApacheHttpClient4Handler.java:187)
	at com.sun.jersey.api.client.filter.GZIPContentEncodingFilter.handle(GZIPContentEncodingFilter.java:123)
	at com.netflix.discovery.EurekaIdentityHeaderFilter.handle(EurekaIdentityHeaderFilter.java:27)
	at com.sun.jersey.api.client.Client.handle(Client.java:652)
	at com.sun.jersey.api.client.WebResource.handle(WebResource.java:682)
	at com.sun.jersey.api.client.WebResource.access$200(WebResource.java:74)
	at com.sun.jersey.api.client.WebResource$Builder.get(WebResource.java:509)
	at com.netflix.discovery.shared.transport.jersey.AbstractJerseyEurekaHttpClient.getApplicationsInternal(AbstractJerseyEurekaHttpClient.java:196)
	at com.netflix.discovery.shared.transport.jersey.AbstractJerseyEurekaHttpClient.getApplications(AbstractJerseyEurekaHttpClient.java:167)
	at com.netflix.discovery.shared.transport.decorator.EurekaHttpClientDecorator$6.execute(EurekaHttpClientDecorator.java:137)
	at com.netflix.discovery.shared.transport.decorator.MetricsCollectingEurekaHttpClient.execute(MetricsCollectingEurekaHttpClient.java:73)
	at com.netflix.discovery.shared.transport.decorator.EurekaHttpClientDecorator.getApplications(EurekaHttpClientDecorator.java:134)
	at com.netflix.discovery.shared.transport.decorator.EurekaHttpClientDecorator$6.execute(EurekaHttpClientDecorator.java:137)
	at com.netflix.discovery.shared.transport.decorator.RedirectingEurekaHttpClient.executeOnNewServer(RedirectingEurekaHttpClient.java:121)
	at com.netflix.discovery.shared.transport.decorator.RedirectingEurekaHttpClient.execute(RedirectingEurekaHttpClient.java:80)
	at com.netflix.discovery.shared.transport.decorator.EurekaHttpClientDecorator.getApplications(EurekaHttpClientDecorator.java:134)
	at com.netflix.discovery.shared.transport.decorator.EurekaHttpClientDecorator$6.execute(EurekaHttpClientDecorator.java:137)
	at com.netflix.discovery.shared.transport.decorator.RetryableEurekaHttpClient.execute(RetryableEurekaHttpClient.java:120)
	at com.netflix.discovery.shared.transport.decorator.EurekaHttpClientDecorator.getApplications(EurekaHttpClientDecorator.java:134)
	at com.netflix.discovery.shared.transport.decorator.EurekaHttpClientDecorator$6.execute(EurekaHttpClientDecorator.java:137)
	at com.netflix.discovery.shared.transport.decorator.SessionedEurekaHttpClient.execute(SessionedEurekaHttpClient.java:77)
	at com.netflix.discovery.shared.transport.decorator.EurekaHttpClientDecorator.getApplications(EurekaHttpClientDecorator.java:134)
	at com.netflix.discovery.DiscoveryClient.getAndStoreFullRegistry(DiscoveryClient.java:1101)
	at com.netflix.discovery.DiscoveryClient.fetchRegistry(DiscoveryClient.java:1014)
	at com.netflix.discovery.DiscoveryClient.<init>(DiscoveryClient.java:441)
	at com.netflix.discovery.DiscoveryClient.<init>(DiscoveryClient.java:283)
	at com.netflix.discovery.DiscoveryClient.<init>(DiscoveryClient.java:279)
	at org.springframework.cloud.netflix.eureka.CloudEurekaClient.<init>(CloudEurekaClient.java:67)
	at org.springframework.cloud.netflix.eureka.EurekaClientAutoConfiguration$RefreshableEurekaClientConfiguration.eurekaClient(EurekaClientAutoConfiguration.java:316)
	at sun.reflect.NativeMethodAccessorImpl.invoke0(Native Method)
	at sun.reflect.NativeMethodAccessorImpl.invoke(NativeMethodAccessorImpl.java:62)
	at sun.reflect.DelegatingMethodAccessorImpl.invoke(DelegatingMethodAccessorImpl.java:43)
	at java.lang.reflect.Method.invoke(Method.java:498)
	at org.springframework.beans.factory.support.SimpleInstantiationStrategy.instantiate(SimpleInstantiationStrategy.java:154)
	at org.springframework.beans.factory.support.ConstructorResolver.instantiate(ConstructorResolver.java:650)
	at org.springframework.beans.factory.support.ConstructorResolver.instantiateUsingFactoryMethod(ConstructorResolver.java:635)
	at org.springframework.beans.factory.support.AbstractAutowireCapableBeanFactory.instantiateUsingFactoryMethod(AbstractAutowireCapableBeanFactory.java:1336)
	at org.springframework.beans.factory.support.AbstractAutowireCapableBeanFactory.createBeanInstance(AbstractAutowireCapableBeanFactory.java:1176)
	at org.springframework.beans.factory.support.AbstractAutowireCapableBeanFactory.doCreateBean(AbstractAutowireCapableBeanFactory.java:556)
	at org.springframework.beans.factory.support.AbstractAutowireCapableBeanFactory.createBean(AbstractAutowireCapableBeanFactory.java:516)
	at org.springframework.beans.factory.support.AbstractBeanFactory.lambda$doGetBean$1(AbstractBeanFactory.java:363)
	at org.springframework.cloud.context.scope.GenericScope$BeanLifecycleWrapper.getBean(GenericScope.java:389)
	at org.springframework.cloud.context.scope.GenericScope.get(GenericScope.java:186)
	at org.springframework.beans.factory.support.AbstractBeanFactory.doGetBean(AbstractBeanFactory.java:360)
	at org.springframework.beans.factory.support.AbstractBeanFactory.getBean(AbstractBeanFactory.java:202)
	at org.springframework.aop.target.SimpleBeanTargetSource.getTarget(SimpleBeanTargetSource.java:35)
	at org.springframework.cloud.netflix.eureka.serviceregistry.EurekaRegistration.getTargetObject(EurekaRegistration.java:129)
	at org.springframework.cloud.netflix.eureka.serviceregistry.EurekaRegistration.getEurekaClient(EurekaRegistration.java:117)
	at sun.reflect.NativeMethodAccessorImpl.invoke0(Native Method)
	at sun.reflect.NativeMethodAccessorImpl.invoke(NativeMethodAccessorImpl.java:62)
	at sun.reflect.DelegatingMethodAccessorImpl.invoke(DelegatingMethodAccessorImpl.java:43)
	at java.lang.reflect.Method.invoke(Method.java:498)
	at org.springframework.util.ReflectionUtils.invokeMethod(ReflectionUtils.java:282)
	at org.springframework.cloud.context.scope.GenericScope$LockedScopedProxyFactoryBean.invoke(GenericScope.java:499)
	at org.springframework.aop.framework.ReflectiveMethodInvocation.proceed(ReflectiveMethodInvocation.java:186)
	at org.springframework.aop.framework.CglibAopProxy$CglibMethodInvocation.proceed(CglibAopProxy.java:749)
	at org.springframework.aop.framework.CglibAopProxy$DynamicAdvisedInterceptor.intercept(CglibAopProxy.java:691)
	at org.springframework.cloud.netflix.eureka.serviceregistry.EurekaRegistration$$EnhancerBySpringCGLIB$$9675e1c6.getEurekaClient(<generated>)
	at org.springframework.cloud.netflix.eureka.serviceregistry.EurekaServiceRegistry.maybeInitializeClient(EurekaServiceRegistry.java:57)
	at org.springframework.cloud.netflix.eureka.serviceregistry.EurekaServiceRegistry.register(EurekaServiceRegistry.java:38)
	at org.springframework.cloud.netflix.eureka.serviceregistry.EurekaAutoServiceRegistration.start(EurekaAutoServiceRegistration.java:83)
	at org.springframework.context.support.DefaultLifecycleProcessor.doStart(DefaultLifecycleProcessor.java:182)
	at org.springframework.context.support.DefaultLifecycleProcessor.access$200(DefaultLifecycleProcessor.java:53)
	at org.springframework.context.support.DefaultLifecycleProcessor$LifecycleGroup.start(DefaultLifecycleProcessor.java:360)
	at org.springframework.context.support.DefaultLifecycleProcessor.startBeans(DefaultLifecycleProcessor.java:158)
	at org.springframework.context.support.DefaultLifecycleProcessor.onRefresh(DefaultLifecycleProcessor.java:122)
	at org.springframework.context.support.AbstractApplicationContext.finishRefresh(AbstractApplicationContext.java:895)
	at org.springframework.context.support.AbstractApplicationContext.refresh(AbstractApplicationContext.java:554)
	at org.springframework.boot.SpringApplication.refresh(SpringApplication.java:758)
	at org.springframework.boot.SpringApplication.refresh(SpringApplication.java:750)
	at org.springframework.boot.SpringApplication.refreshContext(SpringApplication.java:397)
	at org.springframework.boot.SpringApplication.run(SpringApplication.java:315)
	at org.springframework.boot.test.context.SpringBootContextLoader.loadContext(SpringBootContextLoader.java:120)
	at org.springframework.test.context.cache.DefaultCacheAwareContextLoaderDelegate.loadContextInternal(DefaultCacheAwareContextLoaderDelegate.java:99)
	at org.springframework.test.context.cache.DefaultCacheAwareContextLoaderDelegate.loadContext(DefaultCacheAwareContextLoaderDelegate.java:124)
	at org.springframework.test.context.support.DefaultTestContext.getApplicationContext(DefaultTestContext.java:123)
	at org.springframework.test.context.web.ServletTestExecutionListener.setUpRequestContextIfNecessary(ServletTestExecutionListener.java:190)
	at org.springframework.test.context.web.ServletTestExecutionListener.prepareTestInstance(ServletTestExecutionListener.java:132)
	at org.springframework.test.context.TestContextManager.prepareTestInstance(TestContextManager.java:244)
	at org.springframework.test.context.junit.jupiter.SpringExtension.postProcessTestInstance(SpringExtension.java:98)
	at org.junit.jupiter.engine.descriptor.ClassBasedTestDescriptor.lambda$invokeTestInstancePostProcessors$5(ClassBasedTestDescriptor.java:341)
	at org.junit.jupiter.engine.descriptor.ClassBasedTestDescriptor.executeAndMaskThrowable(ClassBasedTestDescriptor.java:346)
	at org.junit.jupiter.engine.descriptor.ClassBasedTestDescriptor.lambda$invokeTestInstancePostProcessors$6(ClassBasedTestDescriptor.java:341)
	at java.util.stream.ReferencePipeline$3$1.accept(ReferencePipeline.java:193)
	at java.util.stream.ReferencePipeline$2$1.accept(ReferencePipeline.java:175)
	at java.util.ArrayList$ArrayListSpliterator.forEachRemaining(ArrayList.java:1384)
	at java.util.stream.AbstractPipeline.copyInto(AbstractPipeline.java:482)
	at java.util.stream.AbstractPipeline.wrapAndCopyInto(AbstractPipeline.java:472)
	at java.util.stream.StreamSpliterators$WrappingSpliterator.forEachRemaining(StreamSpliterators.java:312)
	at java.util.stream.Streams$ConcatSpliterator.forEachRemaining(Streams.java:743)
	at java.util.stream.Streams$ConcatSpliterator.forEachRemaining(Streams.java:742)
	at java.util.stream.ReferencePipeline$Head.forEach(ReferencePipeline.java:580)
	at org.junit.jupiter.engine.descriptor.ClassBasedTestDescriptor.invokeTestInstancePostProcessors(ClassBasedTestDescriptor.java:340)
	at org.junit.jupiter.engine.descriptor.ClassBasedTestDescriptor.instantiateAndPostProcessTestInstance(ClassBasedTestDescriptor.java:263)
	at org.junit.jupiter.engine.descriptor.ClassBasedTestDescriptor.lambda$testInstancesProvider$2(ClassBasedTestDescriptor.java:256)
	at java.util.Optional.orElseGet(Optional.java:267)
	at org.junit.jupiter.engine.descriptor.ClassBasedTestDescriptor.lambda$testInstancesProvider$3(ClassBasedTestDescriptor.java:255)
	at org.junit.jupiter.engine.execution.TestInstancesProvider.getTestInstances(TestInstancesProvider.java:29)
	at org.junit.jupiter.engine.descriptor.TestMethodTestDescriptor.lambda$prepare$0(TestMethodTestDescriptor.java:108)
	at org.junit.platform.engine.support.hierarchical.ThrowableCollector.execute(ThrowableCollector.java:73)
	at org.junit.jupiter.engine.descriptor.TestMethodTestDescriptor.prepare(TestMethodTestDescriptor.java:107)
	at org.junit.jupiter.engine.descriptor.TestMethodTestDescriptor.prepare(TestMethodTestDescriptor.java:71)
	at org.junit.platform.engine.support.hierarchical.NodeTestTask.lambda$prepare$1(NodeTestTask.java:107)
	at org.junit.platform.engine.support.hierarchical.ThrowableCollector.execute(ThrowableCollector.java:73)
	at org.junit.platform.engine.support.hierarchical.NodeTestTask.prepare(NodeTestTask.java:107)
	at org.junit.platform.engine.support.hierarchical.NodeTestTask.execute(NodeTestTask.java:75)
	at java.util.ArrayList.forEach(ArrayList.java:1259)
	at org.junit.platform.engine.support.hierarchical.SameThreadHierarchicalTestExecutorService.invokeAll(SameThreadHierarchicalTestExecutorService.java:38)
	at org.junit.platform.engine.support.hierarchical.NodeTestTask.lambda$executeRecursively$5(NodeTestTask.java:139)
	at org.junit.platform.engine.support.hierarchical.ThrowableCollector.execute(ThrowableCollector.java:73)
	at org.junit.platform.engine.support.hierarchical.NodeTestTask.lambda$executeRecursively$7(NodeTestTask.java:125)
	at org.junit.platform.engine.support.hierarchical.Node.around(Node.java:135)
	at org.junit.platform.engine.support.hierarchical.NodeTestTask.lambda$executeRecursively$8(NodeTestTask.java:123)
	at org.junit.platform.engine.support.hierarchical.ThrowableCollector.execute(ThrowableCollector.java:73)
	at org.junit.platform.engine.support.hierarchical.NodeTestTask.executeRecursively(NodeTestTask.java:122)
	at org.junit.platform.engine.support.hierarchical.NodeTestTask.execute(NodeTestTask.java:80)
	at java.util.ArrayList.forEach(ArrayList.java:1259)
	at org.junit.platform.engine.support.hierarchical.SameThreadHierarchicalTestExecutorService.invokeAll(SameThreadHierarchicalTestExecutorService.java:38)
	at org.junit.platform.engine.support.hierarchical.NodeTestTask.lambda$executeRecursively$5(NodeTestTask.java:139)
	at org.junit.platform.engine.support.hierarchical.ThrowableCollector.execute(ThrowableCollector.java:73)
	at org.junit.platform.engine.support.hierarchical.NodeTestTask.lambda$executeRecursively$7(NodeTestTask.java:125)
	at org.junit.platform.engine.support.hierarchical.Node.around(Node.java:135)
	at org.junit.platform.engine.support.hierarchical.NodeTestTask.lambda$executeRecursively$8(NodeTestTask.java:123)
	at org.junit.platform.engine.support.hierarchical.ThrowableCollector.execute(ThrowableCollector.java:73)
	at org.junit.platform.engine.support.hierarchical.NodeTestTask.executeRecursively(NodeTestTask.java:122)
	at org.junit.platform.engine.support.hierarchical.NodeTestTask.execute(NodeTestTask.java:80)
	at org.junit.platform.engine.support.hierarchical.SameThreadHierarchicalTestExecutorService.submit(SameThreadHierarchicalTestExecutorService.java:32)
	at org.junit.platform.engine.support.hierarchical.HierarchicalTestExecutor.execute(HierarchicalTestExecutor.java:57)
	at org.junit.platform.engine.support.hierarchical.HierarchicalTestEngine.execute(HierarchicalTestEngine.java:51)
	at org.junit.platform.launcher.core.DefaultLauncher.execute(DefaultLauncher.java:248)
	at org.junit.platform.launcher.core.DefaultLauncher.lambda$execute$5(DefaultLauncher.java:211)
	at org.junit.platform.launcher.core.DefaultLauncher.withInterceptedStreams(DefaultLauncher.java:226)
	at org.junit.platform.launcher.core.DefaultLauncher.execute(DefaultLauncher.java:199)
	at org.junit.platform.launcher.core.DefaultLauncher.execute(DefaultLauncher.java:132)
	at org.apache.maven.surefire.junitplatform.LazyLauncher.execute(LazyLauncher.java:50)
	at org.apache.maven.surefire.junitplatform.JUnitPlatformProvider.execute(JUnitPlatformProvider.java:184)
	at org.apache.maven.surefire.junitplatform.JUnitPlatformProvider.invokeAllTests(JUnitPlatformProvider.java:148)
	at org.apache.maven.surefire.junitplatform.JUnitPlatformProvider.invoke(JUnitPlatformProvider.java:122)
	at org.apache.maven.surefire.booter.ForkedBooter.runSuitesInProcess(ForkedBooter.java:385)
	at org.apache.maven.surefire.booter.ForkedBooter.execute(ForkedBooter.java:162)
	at org.apache.maven.surefire.booter.ForkedBooter.run(ForkedBooter.java:507)
	at org.apache.maven.surefire.booter.ForkedBooter.main(ForkedBooter.java:495)
Caused by: java.net.ConnectException: Connection refused: connect
	at java.net.DualStackPlainSocketImpl.waitForConnect(Native Method)
	at java.net.DualStackPlainSocketImpl.socketConnect(DualStackPlainSocketImpl.java:81)
	at java.net.AbstractPlainSocketImpl.doConnect(AbstractPlainSocketImpl.java:476)
	at java.net.AbstractPlainSocketImpl.connectToAddress(AbstractPlainSocketImpl.java:218)
	at java.net.AbstractPlainSocketImpl.connect(AbstractPlainSocketImpl.java:200)
	at java.net.PlainSocketImpl.connect(PlainSocketImpl.java:162)
	at java.net.SocksSocketImpl.connect(SocksSocketImpl.java:394)
	at java.net.Socket.connect(Socket.java:606)
	at org.apache.http.conn.scheme.PlainSocketFactory.connectSocket(PlainSocketFactory.java:121)
	at org.apache.http.impl.conn.DefaultClientConnectionOperator.openConnection(DefaultClientConnectionOperator.java:180)
	at org.apache.http.impl.conn.AbstractPoolEntry.open(AbstractPoolEntry.java:144)
	at org.apache.http.impl.conn.AbstractPooledConnAdapter.open(AbstractPooledConnAdapter.java:134)
	at org.apache.http.impl.client.DefaultRequestDirector.tryConnect(DefaultRequestDirector.java:605)
	at org.apache.http.impl.client.DefaultRequestDirector.execute(DefaultRequestDirector.java:440)
	at org.apache.http.impl.client.AbstractHttpClient.doExecute(AbstractHttpClient.java:835)
	at org.apache.http.impl.client.CloseableHttpClient.execute(CloseableHttpClient.java:118)
	at org.apache.http.impl.client.CloseableHttpClient.execute(CloseableHttpClient.java:56)
	at com.sun.jersey.client.apache4.ApacheHttpClient4Handler.handle(ApacheHttpClient4Handler.java:173)
	... 141 more

2023-06-10 18:54:32.642  WARN 21760 --- [           main] c.n.d.s.t.d.RetryableEurekaHttpClient    : Request execution failed with message: java.net.ConnectException: Connection refused: connect
2023-06-10 18:54:32.643  INFO 21760 --- [           main] com.netflix.discovery.DiscoveryClient    : DiscoveryClient_CONSUMER/suber-pc.lan:consumer:80 - was unable to refresh its cache! This periodic background refresh will be retried in 30 seconds. status = Cannot execute request on any known server stacktrace = com.netflix.discovery.shared.transport.TransportException: Cannot execute request on any known server
	at com.netflix.discovery.shared.transport.decorator.RetryableEurekaHttpClient.execute(RetryableEurekaHttpClient.java:112)
	at com.netflix.discovery.shared.transport.decorator.EurekaHttpClientDecorator.getApplications(EurekaHttpClientDecorator.java:134)
	at com.netflix.discovery.shared.transport.decorator.EurekaHttpClientDecorator$6.execute(EurekaHttpClientDecorator.java:137)
	at com.netflix.discovery.shared.transport.decorator.SessionedEurekaHttpClient.execute(SessionedEurekaHttpClient.java:77)
	at com.netflix.discovery.shared.transport.decorator.EurekaHttpClientDecorator.getApplications(EurekaHttpClientDecorator.java:134)
	at com.netflix.discovery.DiscoveryClient.getAndStoreFullRegistry(DiscoveryClient.java:1101)
	at com.netflix.discovery.DiscoveryClient.fetchRegistry(DiscoveryClient.java:1014)
	at com.netflix.discovery.DiscoveryClient.<init>(DiscoveryClient.java:441)
	at com.netflix.discovery.DiscoveryClient.<init>(DiscoveryClient.java:283)
	at com.netflix.discovery.DiscoveryClient.<init>(DiscoveryClient.java:279)
	at org.springframework.cloud.netflix.eureka.CloudEurekaClient.<init>(CloudEurekaClient.java:67)
	at org.springframework.cloud.netflix.eureka.EurekaClientAutoConfiguration$RefreshableEurekaClientConfiguration.eurekaClient(EurekaClientAutoConfiguration.java:316)
	at sun.reflect.NativeMethodAccessorImpl.invoke0(Native Method)
	at sun.reflect.NativeMethodAccessorImpl.invoke(NativeMethodAccessorImpl.java:62)
	at sun.reflect.DelegatingMethodAccessorImpl.invoke(DelegatingMethodAccessorImpl.java:43)
	at java.lang.reflect.Method.invoke(Method.java:498)
	at org.springframework.beans.factory.support.SimpleInstantiationStrategy.instantiate(SimpleInstantiationStrategy.java:154)
	at org.springframework.beans.factory.support.ConstructorResolver.instantiate(ConstructorResolver.java:650)
	at org.springframework.beans.factory.support.ConstructorResolver.instantiateUsingFactoryMethod(ConstructorResolver.java:635)
	at org.springframework.beans.factory.support.AbstractAutowireCapableBeanFactory.instantiateUsingFactoryMethod(AbstractAutowireCapableBeanFactory.java:1336)
	at org.springframework.beans.factory.support.AbstractAutowireCapableBeanFactory.createBeanInstance(AbstractAutowireCapableBeanFactory.java:1176)
	at org.springframework.beans.factory.support.AbstractAutowireCapableBeanFactory.doCreateBean(AbstractAutowireCapableBeanFactory.java:556)
	at org.springframework.beans.factory.support.AbstractAutowireCapableBeanFactory.createBean(AbstractAutowireCapableBeanFactory.java:516)
	at org.springframework.beans.factory.support.AbstractBeanFactory.lambda$doGetBean$1(AbstractBeanFactory.java:363)
	at org.springframework.cloud.context.scope.GenericScope$BeanLifecycleWrapper.getBean(GenericScope.java:389)
	at org.springframework.cloud.context.scope.GenericScope.get(GenericScope.java:186)
	at org.springframework.beans.factory.support.AbstractBeanFactory.doGetBean(AbstractBeanFactory.java:360)
	at org.springframework.beans.factory.support.AbstractBeanFactory.getBean(AbstractBeanFactory.java:202)
	at org.springframework.aop.target.SimpleBeanTargetSource.getTarget(SimpleBeanTargetSource.java:35)
	at org.springframework.cloud.netflix.eureka.serviceregistry.EurekaRegistration.getTargetObject(EurekaRegistration.java:129)
	at org.springframework.cloud.netflix.eureka.serviceregistry.EurekaRegistration.getEurekaClient(EurekaRegistration.java:117)
	at sun.reflect.NativeMethodAccessorImpl.invoke0(Native Method)
	at sun.reflect.NativeMethodAccessorImpl.invoke(NativeMethodAccessorImpl.java:62)
	at sun.reflect.DelegatingMethodAccessorImpl.invoke(DelegatingMethodAccessorImpl.java:43)
	at java.lang.reflect.Method.invoke(Method.java:498)
	at org.springframework.util.ReflectionUtils.invokeMethod(ReflectionUtils.java:282)
	at org.springframework.cloud.context.scope.GenericScope$LockedScopedProxyFactoryBean.invoke(GenericScope.java:499)
	at org.springframework.aop.framework.ReflectiveMethodInvocation.proceed(ReflectiveMethodInvocation.java:186)
	at org.springframework.aop.framework.CglibAopProxy$CglibMethodInvocation.proceed(CglibAopProxy.java:749)
	at org.springframework.aop.framework.CglibAopProxy$DynamicAdvisedInterceptor.intercept(CglibAopProxy.java:691)
	at org.springframework.cloud.netflix.eureka.serviceregistry.EurekaRegistration$$EnhancerBySpringCGLIB$$9675e1c6.getEurekaClient(<generated>)
	at org.springframework.cloud.netflix.eureka.serviceregistry.EurekaServiceRegistry.maybeInitializeClient(EurekaServiceRegistry.java:57)
	at org.springframework.cloud.netflix.eureka.serviceregistry.EurekaServiceRegistry.register(EurekaServiceRegistry.java:38)
	at org.springframework.cloud.netflix.eureka.serviceregistry.EurekaAutoServiceRegistration.start(EurekaAutoServiceRegistration.java:83)
	at org.springframework.context.support.DefaultLifecycleProcessor.doStart(DefaultLifecycleProcessor.java:182)
	at org.springframework.context.support.DefaultLifecycleProcessor.access$200(DefaultLifecycleProcessor.java:53)
	at org.springframework.context.support.DefaultLifecycleProcessor$LifecycleGroup.start(DefaultLifecycleProcessor.java:360)
	at org.springframework.context.support.DefaultLifecycleProcessor.startBeans(DefaultLifecycleProcessor.java:158)
	at org.springframework.context.support.DefaultLifecycleProcessor.onRefresh(DefaultLifecycleProcessor.java:122)
	at org.springframework.context.support.AbstractApplicationContext.finishRefresh(AbstractApplicationContext.java:895)
	at org.springframework.context.support.AbstractApplicationContext.refresh(AbstractApplicationContext.java:554)
	at org.springframework.boot.SpringApplication.refresh(SpringApplication.java:758)
	at org.springframework.boot.SpringApplication.refresh(SpringApplication.java:750)
	at org.springframework.boot.SpringApplication.refreshContext(SpringApplication.java:397)
	at org.springframework.boot.SpringApplication.run(SpringApplication.java:315)
	at org.springframework.boot.test.context.SpringBootContextLoader.loadContext(SpringBootContextLoader.java:120)
	at org.springframework.test.context.cache.DefaultCacheAwareContextLoaderDelegate.loadContextInternal(DefaultCacheAwareContextLoaderDelegate.java:99)
	at org.springframework.test.context.cache.DefaultCacheAwareContextLoaderDelegate.loadContext(DefaultCacheAwareContextLoaderDelegate.java:124)
	at org.springframework.test.context.support.DefaultTestContext.getApplicationContext(DefaultTestContext.java:123)
	at org.springframework.test.context.web.ServletTestExecutionListener.setUpRequestContextIfNecessary(ServletTestExecutionListener.java:190)
	at org.springframework.test.context.web.ServletTestExecutionListener.prepareTestInstance(ServletTestExecutionListener.java:132)
	at org.springframework.test.context.TestContextManager.prepareTestInstance(TestContextManager.java:244)
	at org.springframework.test.context.junit.jupiter.SpringExtension.postProcessTestInstance(SpringExtension.java:98)
	at org.junit.jupiter.engine.descriptor.ClassBasedTestDescriptor.lambda$invokeTestInstancePostProcessors$5(ClassBasedTestDescriptor.java:341)
	at org.junit.jupiter.engine.descriptor.ClassBasedTestDescriptor.executeAndMaskThrowable(ClassBasedTestDescriptor.java:346)
	at org.junit.jupiter.engine.descriptor.ClassBasedTestDescriptor.lambda$invokeTestInstancePostProcessors$6(ClassBasedTestDescriptor.java:341)
	at java.util.stream.ReferencePipeline$3$1.accept(ReferencePipeline.java:193)
	at java.util.stream.ReferencePipeline$2$1.accept(ReferencePipeline.java:175)
	at java.util.ArrayList$ArrayListSpliterator.forEachRemaining(ArrayList.java:1384)
	at java.util.stream.AbstractPipeline.copyInto(AbstractPipeline.java:482)
	at java.util.stream.AbstractPipeline.wrapAndCopyInto(AbstractPipeline.java:472)
	at java.util.stream.StreamSpliterators$WrappingSpliterator.forEachRemaining(StreamSpliterators.java:312)
	at java.util.stream.Streams$ConcatSpliterator.forEachRemaining(Streams.java:743)
	at java.util.stream.Streams$ConcatSpliterator.forEachRemaining(Streams.java:742)
	at java.util.stream.ReferencePipeline$Head.forEach(ReferencePipeline.java:580)
	at org.junit.jupiter.engine.descriptor.ClassBasedTestDescriptor.invokeTestInstancePostProcessors(ClassBasedTestDescriptor.java:340)
	at org.junit.jupiter.engine.descriptor.ClassBasedTestDescriptor.instantiateAndPostProcessTestInstance(ClassBasedTestDescriptor.java:263)
	at org.junit.jupiter.engine.descriptor.ClassBasedTestDescriptor.lambda$testInstancesProvider$2(ClassBasedTestDescriptor.java:256)
	at java.util.Optional.orElseGet(Optional.java:267)
	at org.junit.jupiter.engine.descriptor.ClassBasedTestDescriptor.lambda$testInstancesProvider$3(ClassBasedTestDescriptor.java:255)
	at org.junit.jupiter.engine.execution.TestInstancesProvider.getTestInstances(TestInstancesProvider.java:29)
	at org.junit.jupiter.engine.descriptor.TestMethodTestDescriptor.lambda$prepare$0(TestMethodTestDescriptor.java:108)
	at org.junit.platform.engine.support.hierarchical.ThrowableCollector.execute(ThrowableCollector.java:73)
	at org.junit.jupiter.engine.descriptor.TestMethodTestDescriptor.prepare(TestMethodTestDescriptor.java:107)
	at org.junit.jupiter.engine.descriptor.TestMethodTestDescriptor.prepare(TestMethodTestDescriptor.java:71)
	at org.junit.platform.engine.support.hierarchical.NodeTestTask.lambda$prepare$1(NodeTestTask.java:107)
	at org.junit.platform.engine.support.hierarchical.ThrowableCollector.execute(ThrowableCollector.java:73)
	at org.junit.platform.engine.support.hierarchical.NodeTestTask.prepare(NodeTestTask.java:107)
	at org.junit.platform.engine.support.hierarchical.NodeTestTask.execute(NodeTestTask.java:75)
	at java.util.ArrayList.forEach(ArrayList.java:1259)
	at org.junit.platform.engine.support.hierarchical.SameThreadHierarchicalTestExecutorService.invokeAll(SameThreadHierarchicalTestExecutorService.java:38)
	at org.junit.platform.engine.support.hierarchical.NodeTestTask.lambda$executeRecursively$5(NodeTestTask.java:139)
	at org.junit.platform.engine.support.hierarchical.ThrowableCollector.execute(ThrowableCollector.java:73)
	at org.junit.platform.engine.support.hierarchical.NodeTestTask.lambda$executeRecursively$7(NodeTestTask.java:125)
	at org.junit.platform.engine.support.hierarchical.Node.around(Node.java:135)
	at org.junit.platform.engine.support.hierarchical.NodeTestTask.lambda$executeRecursively$8(NodeTestTask.java:123)
	at org.junit.platform.engine.support.hierarchical.ThrowableCollector.execute(ThrowableCollector.java:73)
	at org.junit.platform.engine.support.hierarchical.NodeTestTask.executeRecursively(NodeTestTask.java:122)
	at org.junit.platform.engine.support.hierarchical.NodeTestTask.execute(NodeTestTask.java:80)
	at java.util.ArrayList.forEach(ArrayList.java:1259)
	at org.junit.platform.engine.support.hierarchical.SameThreadHierarchicalTestExecutorService.invokeAll(SameThreadHierarchicalTestExecutorService.java:38)
	at org.junit.platform.engine.support.hierarchical.NodeTestTask.lambda$executeRecursively$5(NodeTestTask.java:139)
	at org.junit.platform.engine.support.hierarchical.ThrowableCollector.execute(ThrowableCollector.java:73)
	at org.junit.platform.engine.support.hierarchical.NodeTestTask.lambda$executeRecursively$7(NodeTestTask.java:125)
	at org.junit.platform.engine.support.hierarchical.Node.around(Node.java:135)
	at org.junit.platform.engine.support.hierarchical.NodeTestTask.lambda$executeRecursively$8(NodeTestTask.java:123)
	at org.junit.platform.engine.support.hierarchical.ThrowableCollector.execute(ThrowableCollector.java:73)
	at org.junit.platform.engine.support.hierarchical.NodeTestTask.executeRecursively(NodeTestTask.java:122)
	at org.junit.platform.engine.support.hierarchical.NodeTestTask.execute(NodeTestTask.java:80)
	at org.junit.platform.engine.support.hierarchical.SameThreadHierarchicalTestExecutorService.submit(SameThreadHierarchicalTestExecutorService.java:32)
	at org.junit.platform.engine.support.hierarchical.HierarchicalTestExecutor.execute(HierarchicalTestExecutor.java:57)
	at org.junit.platform.engine.support.hierarchical.HierarchicalTestEngine.execute(HierarchicalTestEngine.java:51)
	at org.junit.platform.launcher.core.DefaultLauncher.execute(DefaultLauncher.java:248)
	at org.junit.platform.launcher.core.DefaultLauncher.lambda$execute$5(DefaultLauncher.java:211)
	at org.junit.platform.launcher.core.DefaultLauncher.withInterceptedStreams(DefaultLauncher.java:226)
	at org.junit.platform.launcher.core.DefaultLauncher.execute(DefaultLauncher.java:199)
	at org.junit.platform.launcher.core.DefaultLauncher.execute(DefaultLauncher.java:132)
	at org.apache.maven.surefire.junitplatform.LazyLauncher.execute(LazyLauncher.java:50)
	at org.apache.maven.surefire.junitplatform.JUnitPlatformProvider.execute(JUnitPlatformProvider.java:184)
	at org.apache.maven.surefire.junitplatform.JUnitPlatformProvider.invokeAllTests(JUnitPlatformProvider.java:148)
	at org.apache.maven.surefire.junitplatform.JUnitPlatformProvider.invoke(JUnitPlatformProvider.java:122)
	at org.apache.maven.surefire.booter.ForkedBooter.runSuitesInProcess(ForkedBooter.java:385)
	at org.apache.maven.surefire.booter.ForkedBooter.execute(ForkedBooter.java:162)
	at org.apache.maven.surefire.booter.ForkedBooter.run(ForkedBooter.java:507)
	at org.apache.maven.surefire.booter.ForkedBooter.main(ForkedBooter.java:495)

2023-06-10 18:54:32.644  INFO 21760 --- [           main] com.netflix.discovery.DiscoveryClient    : Initial registry fetch from primary servers failed
2023-06-10 18:54:32.644  WARN 21760 --- [           main] com.netflix.discovery.DiscoveryClient    : Using default backup registry implementation which does not do anything.
2023-06-10 18:54:32.644  INFO 21760 --- [           main] com.netflix.discovery.DiscoveryClient    : Initial registry fetch from backup servers failed
2023-06-10 18:54:32.645  INFO 21760 --- [           main] com.netflix.discovery.DiscoveryClient    : Starting heartbeat executor: renew interval is: 30
2023-06-10 18:54:32.648  INFO 21760 --- [           main] c.n.discovery.InstanceInfoReplicator     : InstanceInfoReplicator onDemand update allowed rate per min is 4
2023-06-10 18:54:32.656  INFO 21760 --- [           main] com.netflix.discovery.DiscoveryClient    : Discovery Client initialized at timestamp 1686394472651 with initial instances count: 0
2023-06-10 18:54:32.659  INFO 21760 --- [           main] o.s.c.n.e.s.EurekaServiceRegistry        : Registering application CONSUMER with eureka with status UP
2023-06-10 18:54:32.659  INFO 21760 --- [           main] com.netflix.discovery.DiscoveryClient    : Saw local status change event StatusChangeEvent [timestamp=1686394472659, current=UP, previous=STARTING]
2023-06-10 18:54:32.661  INFO 21760 --- [nfoReplicator-0] com.netflix.discovery.DiscoveryClient    : DiscoveryClient_CONSUMER/suber-pc.lan:consumer:80: registering service...
2023-06-10 18:54:32.670  INFO 21760 --- [           main] c.s.consumer.ConsumerApplicationTests    : Started ConsumerApplicationTests in 8.289 seconds (JVM running for 8.901)
]]></system-out>
  </testcase>
</testsuite>